Log file open, 08/08/21 12:45:31
LogInit: Display: Running engine for game: MyProject2
LogPlatformFile: Not using cached read wrapper
LogTaskGraph: Started task graph with 5 named threads and 23 total threads with 3 sets of task threads.
LogStats: Stats thread started at 0.469384
LogD3D11RHI: Loaded GFSDK_Aftermath_Lib.x64.dll
LogICUInternationalization: ICU TimeZone Detection - Raw Offset: +3:00, Platform Override: ''
LogPluginManager: Mounting plugin Paper2D
LogPluginManager: Mounting plugin AISupport
LogPluginManager: Mounting plugin LightPropagationVolume
LogPluginManager: Mounting plugin CameraShakePreviewer
LogPluginManager: Mounting plugin ActorLayerUtilities
LogPluginManager: Mounting plugin AnimationSharing
LogPluginManager: Mounting plugin CLionSourceCodeAccess
LogPluginManager: Mounting plugin CodeLiteSourceCodeAccess
LogPluginManager: Mounting plugin GitSourceControl
LogPluginManager: Mounting plugin KDevelopSourceCodeAccess
LogPluginManager: Mounting plugin NullSourceCodeAccess
LogPluginManager: Mounting plugin PerforceSourceControl
LogPluginManager: Mounting plugin PlasticSourceControl
LogPluginManager: Mounting plugin RiderSourceCodeAccess
LogPluginManager: Mounting plugin SubversionSourceControl
LogPluginManager: Mounting plugin UObjectPlugin
LogPluginManager: Mounting plugin VisualStudioCodeSourceCodeAccess
LogPluginManager: Mounting plugin VisualStudioSourceCodeAccess
LogPluginManager: Mounting plugin XCodeSourceCodeAccess
LogPluginManager: Mounting plugin AssetManagerEditor
LogPluginManager: Mounting plugin CryptoKeys
LogPluginManager: Mounting plugin CurveEditorTools
LogPluginManager: Mounting plugin DataValidation
LogPluginManager: Mounting plugin EditorScriptingUtilities
LogPluginManager: Mounting plugin FacialAnimation
LogPluginManager: Mounting plugin GameplayTagsEditor
LogPluginManager: Mounting plugin GeometryMode
LogPluginManager: Mounting plugin MacGraphicsSwitching
LogPluginManager: Mounting plugin MaterialAnalyzer
LogPluginManager: Mounting plugin MobileLauncherProfileWizard
LogPluginManager: Mounting plugin PluginBrowser
LogPluginManager: Mounting plugin SpeedTreeImporter
LogPluginManager: Mounting plugin DatasmithContent
LogPluginManager: Mounting plugin VariantManagerContent
LogPluginManager: Mounting plugin AlembicImporter
LogPluginManager: Mounting plugin AutomationUtils
LogPluginManager: Mounting plugin BackChannel
LogPluginManager: Mounting plugin ChaosCloth
LogPluginManager: Mounting plugin ChaosClothEditor
LogPluginManager: Mounting plugin ChaosEditor
LogPluginManager: Mounting plugin ChaosNiagara
LogPluginManager: Mounting plugin ChaosSolverPlugin
LogPluginManager: Mounting plugin CharacterAI
LogPluginManager: Mounting plugin GeometryCache
LogPluginManager: Mounting plugin GeometryCollectionPlugin
LogPluginManager: Mounting plugin GeometryProcessing
LogPluginManager: Mounting plugin PlanarCut
LogPluginManager: Mounting plugin PlatformCrypto
LogPluginManager: Mounting plugin ProxyLODPlugin
LogPluginManager: Mounting plugin SkeletalReduction
LogPluginManager: Mounting plugin Niagara
LogPluginManager: Mounting plugin MagicLeap
LogPluginManager: Mounting plugin MagicLeapLightEstimation
LogPluginManager: Mounting plugin MagicLeapMedia
LogPluginManager: Mounting plugin MagicLeapPassableWorld
LogPluginManager: Mounting plugin MLSDK
LogPluginManager: Mounting plugin AndroidMedia
LogPluginManager: Mounting plugin AvfMedia
LogPluginManager: Mounting plugin ImgMedia
LogPluginManager: Mounting plugin MediaCompositing
LogPluginManager: Mounting plugin MediaPlayerEditor
LogPluginManager: Mounting plugin WebMMedia
LogPluginManager: Mounting plugin WmfMedia
LogPluginManager: Mounting plugin MeshPainting
LogPluginManager: Mounting plugin TcpMessaging
LogPluginManager: Mounting plugin UdpMessaging
LogPluginManager: Mounting plugin ActorSequence
LogPluginManager: Mounting plugin LevelSequenceEditor
LogPluginManager: Mounting plugin MatineeToLevelSequence
LogPluginManager: Mounting plugin MovieRenderPipeline
LogPluginManager: Mounting plugin TemplateSequence
LogPluginManager: Mounting plugin NetcodeUnitTest
LogPluginManager: Mounting plugin NUTUnrealEngine4
LogPluginManager: Mounting plugin OnlineSubsystemGooglePlay
LogPluginManager: Mounting plugin OnlineSubsystemIOS
LogPluginManager: Mounting plugin OnlineSubsystem
LogPluginManager: Mounting plugin OnlineSubsystemNull
LogPluginManager: Mounting plugin OnlineSubsystemUtils
LogPluginManager: Mounting plugin LauncherChunkInstaller
LogPluginManager: Mounting plugin AndroidDeviceProfileSelector
LogPluginManager: Mounting plugin AndroidMoviePlayer
LogPluginManager: Mounting plugin AndroidPermission
LogPluginManager: Mounting plugin AppleImageUtils
LogPluginManager: Mounting plugin AppleMoviePlayer
LogPluginManager: Mounting plugin ArchVisCharacter
LogPluginManager: Mounting plugin AssetTags
LogPluginManager: Mounting plugin AudioCapture
LogPluginManager: Mounting plugin CableComponent
LogPluginManager: Mounting plugin CustomMeshComponent
LogPluginManager: Mounting plugin EditableMesh
LogPluginManager: Mounting plugin ExampleDeviceProfileSelector
LogPluginManager: Mounting plugin GoogleCloudMessaging
LogPluginManager: Mounting plugin GooglePAD
LogPluginManager: Mounting plugin IOSDeviceProfileSelector
LogPluginManager: Mounting plugin LinuxDeviceProfileSelector
LogPluginManager: Mounting plugin LocationServicesBPLibrary
LogPluginManager: Mounting plugin MobilePatchingUtils
LogPluginManager: Mounting plugin OculusVR
LogPluginManager: Mounting plugin PhysXVehicles
LogPluginManager: Mounting plugin PostSplashScreen
LogPluginManager: Mounting plugin ProceduralMeshComponent
LogPluginManager: Mounting plugin RuntimePhysXCooking
LogPluginManager: Mounting plugin SignificanceManager
LogPluginManager: Mounting plugin SoundFields
LogPluginManager: Mounting plugin SteamVR
LogPluginManager: Mounting plugin Synthesis
LogPluginManager: Mounting plugin WebMMoviePlayer
LogPluginManager: Mounting plugin WindowsMoviePlayer
LogPluginManager: Mounting plugin ScreenshotTools
LogPluginManager: Mounting plugin GetSystemInformation
LogInit: Using libcurl 7.55.1-DEV
LogInit:  - built for x86_64-pc-win32
LogInit:  - supports SSL with OpenSSL/1.1.1
LogInit:  - supports HTTP deflate (compression) using libz 1.2.8
LogInit:  - other features:
LogInit:      CURL_VERSION_SSL
LogInit:      CURL_VERSION_LIBZ
LogInit:      CURL_VERSION_IPV6
LogInit:      CURL_VERSION_ASYNCHDNS
LogInit:      CURL_VERSION_LARGEFILE
LogInit:      CURL_VERSION_IDN
LogInit:  CurlRequestOptions (configurable via config and command line):
LogInit:  - bVerifyPeer = true  - Libcurl will verify peer certificate
LogInit:  - bUseHttpProxy = false  - Libcurl will NOT use HTTP proxy
LogInit:  - bDontReuseConnections = false  - Libcurl will reuse connections
LogInit:  - MaxHostConnections = 16  - Libcurl will limit the number of connections to a host
LogInit:  - LocalHostAddr = Default
LogInit:  - BufferSize = 65536
LogOnline: OSS: Creating online subsystem instance for: NULL
LogInit: WinSock: version 1.1 (2.2), MaxSocks=32767, MaxUdp=65467
LogOnline: OSS: TryLoadSubsystemAndSetDefault: Loaded subsystem for module [NULL]
LogInit: Build: ++UE4+Release-4.25-CL-14469661
LogInit: Engine Version: 4.25.4-14469661+++UE4+Release-4.25
LogInit: Compatible Engine Version: 4.25.0-13144385+++UE4+Release-4.25
LogInit: Net CL: 13144385
LogInit: OS: Windows 10 (Release 2009) (), CPU: AMD Ryzen 5 3500U with Radeon Vega Mobile Gfx  , GPU: AMD Radeon(TM) Vega 8 Graphics 
LogInit: Compiled (64-bit): Oct 11 2020 08:10:49
LogInit: Compiled with Visual C++: 19.24.28315.00
LogInit: Build Configuration: Development
LogInit: Branch Name: ++UE4+Release-4.25
LogInit: Command Line:  -skipcompile
LogInit: Base Directory: C:/Program Files/Epic Games/UE_4.25/Engine/Binaries/Win64/
LogInit: Allocator: TBB
LogInit: Installed Engine Build: 1
LogDevObjectVersion: Number of dev versions registered: 26
LogDevObjectVersion:   Dev-Blueprints (B0D832E4-1F89-4F0D-ACCF-7EB736FD4AA2): 10
LogDevObjectVersion:   Dev-Build (E1C64328-A22C-4D53-A36C-8E866417BD8C): 0
LogDevObjectVersion:   Dev-Core (375EC13C-06E4-48FB-B500-84F0262A717E): 4
LogDevObjectVersion:   Dev-Editor (E4B068ED-F494-42E9-A231-DA0B2E46BB41): 38
LogDevObjectVersion:   Dev-Framework (CFFC743F-43B0-4480-9391-14DF171D2073): 37
LogDevObjectVersion:   Dev-Mobile (B02B49B5-BB20-44E9-A304-32B752E40360): 2
LogDevObjectVersion:   Dev-Networking (A4E4105C-59A1-49B5-A7C5-40C4547EDFEE): 0
LogDevObjectVersion:   Dev-Online (39C831C9-5AE6-47DC-9A44-9C173E1C8E7C): 0
LogDevObjectVersion:   Dev-Physics (78F01B33-EBEA-4F98-B9B4-84EACCB95AA2): 4
LogDevObjectVersion:   Dev-Platform (6631380F-2D4D-43E0-8009-CF276956A95A): 0
LogDevObjectVersion:   Dev-Rendering (12F88B9F-8875-4AFC-A67C-D90C383ABD29): 43
LogDevObjectVersion:   Dev-Sequencer (7B5AE74C-D270-4C10-A958-57980B212A5A): 12
LogDevObjectVersion:   Dev-VR (D7296918-1DD6-4BDD-9DE2-64A83CC13884): 3
LogDevObjectVersion:   Dev-LoadTimes (C2A15278-BFE7-4AFE-6C17-90FF531DF755): 1
LogDevObjectVersion:   Private-Geometry (6EACA3D4-40EC-4CC1-B786-8BED09428FC5): 3
LogDevObjectVersion:   Dev-AnimPhys (29E575DD-E0A3-4627-9D10-D276232CDCEA): 17
LogDevObjectVersion:   Dev-Anim (AF43A65D-7FD3-4947-9873-3E8ED9C1BB05): 7
LogDevObjectVersion:   Dev-ReflectionCapture (6B266CEC-1EC7-4B8F-A30B-E4D90942FC07): 1
LogDevObjectVersion:   Dev-Automation (0DF73D61-A23F-47EA-B727-89E90C41499A): 1
LogDevObjectVersion:   FortniteMain (601D1886-AC64-4F84-AA16-D3DE0DEAC7D6): 31
LogDevObjectVersion:   Dev-Enterprise (9DFFBCD6-494F-0158-E221-12823C92A888): 10
LogDevObjectVersion:   Dev-Niagara (F2AED0AC-9AFE-416F-8664-AA7FFA26D6FC): 1
LogDevObjectVersion:   Dev-Destruction (174F1F0B-B4C6-45A5-B13F-2EE8D0FB917D): 10
LogDevObjectVersion:   Dev-Physics-Ext (35F94A83-E258-406C-A318-09F59610247C): 37
LogDevObjectVersion:   Dev-PhysicsMaterial-Chaos (B68FC16E-8B1B-42E2-B453-215C058844FE): 1
LogDevObjectVersion:   Dev-CineCamera (B2E18506-4273-CFC2-A54E-F4BB758BBA07): 1
LogInit: Presizing for max 25165824 objects, including 0 objects not considered by GC, pre-allocating 0 bytes for permanent pool.
LogConfig: Applying CVar settings from Section [/Script/Engine.StreamingSettings] File [C:/Users/ACER/Documents/Unreal Projects/MyProject2/Saved/Config/Windows/Engine.ini]
LogConfig: Setting CVar [[s.MinBulkDataSizeForAsyncLoading:131072]]
LogConfig: Setting CVar [[s.AsyncLoadingThreadEnabled:0]]
LogConfig: Setting CVar [[s.EventDrivenLoaderEnabled:1]]
LogConfig: Setting CVar [[s.WarnIfTimeLimitExceeded:0]]
LogConfig: Setting CVar [[s.TimeLimitExceededMultiplier:1.5]]
LogConfig: Setting CVar [[s.TimeLimitExceededMinTime:0.005]]
LogConfig: Setting CVar [[s.UseBackgroundLevelStreaming:1]]
LogConfig: Setting CVar [[s.PriorityAsyncLoadingExtraTime:15.0]]
LogConfig: Setting CVar [[s.LevelStreamingActorsUpdateTimeLimit:5.0]]
LogConfig: Setting CVar [[s.PriorityLevelStreamingActorsUpdateExtraTime:5.0]]
LogConfig: Setting CVar [[s.LevelStreamingComponentsRegistrationGranularity:10]]
LogConfig: Setting CVar [[s.UnregisterComponentsTimeLimit:1.0]]
LogConfig: Setting CVar [[s.LevelStreamingComponentsUnregistrationGranularity:5]]
LogConfig: Setting CVar [[s.FlushStreamingOnExit:1]]
LogInit: Object subsystem initialized
LogConfig: Setting CVar [[con.DebugEarlyDefault:1]]
LogConfig: Setting CVar [[r.setres:1280x720]]
[2021.08.08-09.45.32:493][  0]LogConfig: Setting CVar [[r.VSync:0]]
[2021.08.08-09.45.32:493][  0]LogConfig: Setting CVar [[r.RHICmdBypass:0]]
[2021.08.08-09.45.32:493][  0]LogConfig: Applying CVar settings from Section [/Script/Engine.RendererSettings] File [C:/Users/ACER/Documents/Unreal Projects/MyProject2/Saved/Config/Windows/Engine.ini]
[2021.08.08-09.45.32:494][  0]LogConfig: Setting CVar [[r.GPUCrashDebugging:0]]
[2021.08.08-09.45.32:494][  0]LogConfig: Applying CVar settings from Section [/Script/Engine.RendererOverrideSettings] File [C:/Users/ACER/Documents/Unreal Projects/MyProject2/Saved/Config/Windows/Engine.ini]
[2021.08.08-09.45.32:494][  0]LogConfig: Applying CVar settings from Section [/Script/Engine.StreamingSettings] File [C:/Users/ACER/Documents/Unreal Projects/MyProject2/Saved/Config/Windows/Engine.ini]
[2021.08.08-09.45.32:494][  0]LogConfig: Setting CVar [[s.MinBulkDataSizeForAsyncLoading:131072]]
[2021.08.08-09.45.32:494][  0]LogConfig: Setting CVar [[s.AsyncLoadingThreadEnabled:0]]
[2021.08.08-09.45.32:494][  0]LogConfig: Setting CVar [[s.EventDrivenLoaderEnabled:1]]
[2021.08.08-09.45.32:494][  0]LogConfig: Setting CVar [[s.WarnIfTimeLimitExceeded:0]]
[2021.08.08-09.45.32:494][  0]LogConfig: Setting CVar [[s.TimeLimitExceededMultiplier:1.5]]
[2021.08.08-09.45.32:494][  0]LogConfig: Setting CVar [[s.TimeLimitExceededMinTime:0.005]]
[2021.08.08-09.45.32:494][  0]LogConfig: Setting CVar [[s.UseBackgroundLevelStreaming:1]]
[2021.08.08-09.45.32:494][  0]LogConfig: Setting CVar [[s.PriorityAsyncLoadingExtraTime:15.0]]
[2021.08.08-09.45.32:494][  0]LogConfig: Setting CVar [[s.LevelStreamingActorsUpdateTimeLimit:5.0]]
[2021.08.08-09.45.32:494][  0]LogConfig: Setting CVar [[s.PriorityLevelStreamingActorsUpdateExtraTime:5.0]]
[2021.08.08-09.45.32:494][  0]LogConfig: Setting CVar [[s.LevelStreamingComponentsRegistrationGranularity:10]]
[2021.08.08-09.45.32:495][  0]LogConfig: Setting CVar [[s.UnregisterComponentsTimeLimit:1.0]]
[2021.08.08-09.45.32:495][  0]LogConfig: Setting CVar [[s.LevelStreamingComponentsUnregistrationGranularity:5]]
[2021.08.08-09.45.32:495][  0]LogConfig: Setting CVar [[s.FlushStreamingOnExit:1]]
[2021.08.08-09.45.32:495][  0]LogConfig: Applying CVar settings from Section [/Script/Engine.GarbageCollectionSettings] File [C:/Users/ACER/Documents/Unreal Projects/MyProject2/Saved/Config/Windows/Engine.ini]
[2021.08.08-09.45.32:495][  0]LogConfig: Setting CVar [[gc.MaxObjectsNotConsideredByGC:1]]
[2021.08.08-09.45.32:495][  0]LogConfig: Setting CVar [[gc.SizeOfPermanentObjectPool:0]]
[2021.08.08-09.45.32:495][  0]LogConfig: Setting CVar [[gc.FlushStreamingOnGC:0]]
[2021.08.08-09.45.32:495][  0]LogConfig: Setting CVar [[gc.NumRetriesBeforeForcingGC:10]]
[2021.08.08-09.45.32:495][  0]LogConfig: Setting CVar [[gc.AllowParallelGC:1]]
[2021.08.08-09.45.32:495][  0]LogConfig: Setting CVar [[gc.TimeBetweenPurgingPendingKillObjects:61.1]]
[2021.08.08-09.45.32:495][  0]LogConfig: Setting CVar [[gc.MaxObjectsInEditor:25165824]]
[2021.08.08-09.45.32:495][  0]LogConfig: Setting CVar [[gc.IncrementalBeginDestroyEnabled:1]]
[2021.08.08-09.45.32:495][  0]LogConfig: Setting CVar [[gc.CreateGCClusters:1]]
[2021.08.08-09.45.32:495][  0]LogConfig: Setting CVar [[gc.MinGCClusterSize:5]]
[2021.08.08-09.45.32:495][  0]LogConfig: Setting CVar [[gc.ActorClusteringEnabled:0]]
[2021.08.08-09.45.32:496][  0]LogConfig: Setting CVar [[gc.BlueprintClusteringEnabled:0]]
[2021.08.08-09.45.32:496][  0]LogConfig: Setting CVar [[gc.UseDisregardForGCOnDedicatedServers:0]]
[2021.08.08-09.45.32:496][  0]LogConfig: Applying CVar settings from Section [/Script/Engine.NetworkSettings] File [C:/Users/ACER/Documents/Unreal Projects/MyProject2/Saved/Config/Windows/Engine.ini]
[2021.08.08-09.45.32:496][  0]LogConfig: Applying CVar settings from Section [/Script/UnrealEd.CookerSettings] File [C:/Users/ACER/Documents/Unreal Projects/MyProject2/Saved/Config/Windows/Engine.ini]
[2021.08.08-09.45.32:509][  0]LogConfig: Applying CVar settings from Section [ViewDistanceQuality@3] File [C:/Users/ACER/Documents/Unreal Projects/MyProject2/Saved/Config/Windows/Scalability.ini]
[2021.08.08-09.45.32:509][  0]LogConfig: Setting CVar [[r.SkeletalMeshLODBias:0]]
[2021.08.08-09.45.32:509][  0]LogConfig: Setting CVar [[r.ViewDistanceScale:1.0]]
[2021.08.08-09.45.32:509][  0]LogConfig: Applying CVar settings from Section [AntiAliasingQuality@3] File [C:/Users/ACER/Documents/Unreal Projects/MyProject2/Saved/Config/Windows/Scalability.ini]
[2021.08.08-09.45.32:509][  0]LogConfig: Setting CVar [[r.PostProcessAAQuality:4]]
[2021.08.08-09.45.32:509][  0]LogConfig: Applying CVar settings from Section [ShadowQuality@3] File [C:/Users/ACER/Documents/Unreal Projects/MyProject2/Saved/Config/Windows/Scalability.ini]
[2021.08.08-09.45.32:509][  0]LogConfig: Setting CVar [[r.LightFunctionQuality:1]]
[2021.08.08-09.45.32:509][  0]LogConfig: Setting CVar [[r.ShadowQuality:5]]
[2021.08.08-09.45.32:509][  0]LogConfig: Setting CVar [[r.Shadow.CSM.MaxCascades:10]]
[2021.08.08-09.45.32:509][  0]LogConfig: Setting CVar [[r.Shadow.MaxResolution:2048]]
[2021.08.08-09.45.32:509][  0]LogConfig: Setting CVar [[r.Shadow.MaxCSMResolution:2048]]
[2021.08.08-09.45.32:509][  0]LogConfig: Setting CVar [[r.Shadow.RadiusThreshold:0.01]]
[2021.08.08-09.45.32:509][  0]LogConfig: Setting CVar [[r.Shadow.DistanceScale:1.0]]
[2021.08.08-09.45.32:509][  0]LogConfig: Setting CVar [[r.Shadow.CSM.TransitionScale:1.0]]
[2021.08.08-09.45.32:509][  0]LogConfig: Setting CVar [[r.Shadow.PreShadowResolutionFactor:1.0]]
[2021.08.08-09.45.32:509][  0]LogConfig: Setting CVar [[r.DistanceFieldShadowing:1]]
[2021.08.08-09.45.32:510][  0]LogConfig: Setting CVar [[r.DistanceFieldAO:1]]
[2021.08.08-09.45.32:510][  0]LogConfig: Setting CVar [[r.AOQuality:2]]
[2021.08.08-09.45.32:510][  0]LogConfig: Setting CVar [[r.VolumetricFog:1]]
[2021.08.08-09.45.32:510][  0]LogConfig: Setting CVar [[r.VolumetricFog.GridPixelSize:8]]
[2021.08.08-09.45.32:510][  0]LogConfig: Setting CVar [[r.VolumetricFog.GridSizeZ:128]]
[2021.08.08-09.45.32:510][  0]LogConfig: Setting CVar [[r.VolumetricFog.HistoryMissSupersampleCount:4]]
[2021.08.08-09.45.32:510][  0]LogConfig: Setting CVar [[r.LightMaxDrawDistanceScale:1]]
[2021.08.08-09.45.32:510][  0]LogConfig: Setting CVar [[r.CapsuleShadows:1]]
[2021.08.08-09.45.32:510][  0]LogConfig: Applying CVar settings from Section [PostProcessQuality@3] File [C:/Users/ACER/Documents/Unreal Projects/MyProject2/Saved/Config/Windows/Scalability.ini]
[2021.08.08-09.45.32:510][  0]LogConfig: Setting CVar [[r.MotionBlurQuality:4]]
[2021.08.08-09.45.32:510][  0]LogConfig: Setting CVar [[r.AmbientOcclusionMipLevelFactor:0.4]]
[2021.08.08-09.45.32:510][  0]LogConfig: Setting CVar [[r.AmbientOcclusionMaxQuality:100]]
[2021.08.08-09.45.32:510][  0]LogConfig: Setting CVar [[r.AmbientOcclusionLevels:-1]]
[2021.08.08-09.45.32:510][  0]LogConfig: Setting CVar [[r.AmbientOcclusionRadiusScale:1.0]]
[2021.08.08-09.45.32:510][  0]LogConfig: Setting CVar [[r.DepthOfFieldQuality:2]]
[2021.08.08-09.45.32:511][  0]LogConfig: Setting CVar [[r.RenderTargetPoolMin:400]]
[2021.08.08-09.45.32:511][  0]LogConfig: Setting CVar [[r.LensFlareQuality:2]]
[2021.08.08-09.45.32:511][  0]LogConfig: Setting CVar [[r.SceneColorFringeQuality:1]]
[2021.08.08-09.45.32:511][  0]LogConfig: Setting CVar [[r.EyeAdaptationQuality:2]]
[2021.08.08-09.45.32:511][  0]LogConfig: Setting CVar [[r.BloomQuality:5]]
[2021.08.08-09.45.32:511][  0]LogConfig: Setting CVar [[r.FastBlurThreshold:100]]
[2021.08.08-09.45.32:511][  0]LogConfig: Setting CVar [[r.Upscale.Quality:3]]
[2021.08.08-09.45.32:511][  0]LogConfig: Setting CVar [[r.Tonemapper.GrainQuantization:1]]
[2021.08.08-09.45.32:511][  0]LogConfig: Setting CVar [[r.LightShaftQuality:1]]
[2021.08.08-09.45.32:511][  0]LogConfig: Setting CVar [[r.Filter.SizeScale:1]]
[2021.08.08-09.45.32:511][  0]LogConfig: Setting CVar [[r.Tonemapper.Quality:5]]
[2021.08.08-09.45.32:511][  0]LogConfig: Setting CVar [[r.DOF.Gather.AccumulatorQuality:1        ; higher gathering accumulator quality]]
[2021.08.08-09.45.32:511][  0]LogConfig: Setting CVar [[r.DOF.Gather.PostfilterMethod:1          ; Median3x3 postfilering method]]
[2021.08.08-09.45.32:512][  0]LogConfig: Setting CVar [[r.DOF.Gather.EnableBokehSettings:0       ; no bokeh simulation when gathering]]
[2021.08.08-09.45.32:512][  0]LogConfig: Setting CVar [[r.DOF.Gather.RingCount:4                 ; medium number of samples when gathering]]
[2021.08.08-09.45.32:512][  0]LogConfig: Setting CVar [[r.DOF.Scatter.ForegroundCompositing:1    ; additive foreground scattering]]
[2021.08.08-09.45.32:512][  0]LogConfig: Setting CVar [[r.DOF.Scatter.BackgroundCompositing:2    ; additive background scattering]]
[2021.08.08-09.45.32:512][  0]LogConfig: Setting CVar [[r.DOF.Scatter.EnableBokehSettings:1      ; bokeh simulation when scattering]]
[2021.08.08-09.45.32:512][  0]LogConfig: Setting CVar [[r.DOF.Scatter.MaxSpriteRatio:0.1         ; only a maximum of 10% of scattered bokeh]]
[2021.08.08-09.45.32:512][  0]LogConfig: Setting CVar [[r.DOF.Recombine.Quality:1                ; cheap slight out of focus]]
[2021.08.08-09.45.32:512][  0]LogConfig: Setting CVar [[r.DOF.Recombine.EnableBokehSettings:0    ; no bokeh simulation on slight out of focus]]
[2021.08.08-09.45.32:512][  0]LogConfig: Setting CVar [[r.DOF.TemporalAAQuality:1                ; more stable temporal accumulation]]
[2021.08.08-09.45.32:512][  0]LogConfig: Setting CVar [[r.DOF.Kernel.MaxForegroundRadius:0.025]]
[2021.08.08-09.45.32:512][  0]LogConfig: Setting CVar [[r.DOF.Kernel.MaxBackgroundRadius:0.025]]
[2021.08.08-09.45.32:512][  0]LogConfig: Applying CVar settings from Section [TextureQuality@3] File [C:/Users/ACER/Documents/Unreal Projects/MyProject2/Saved/Config/Windows/Scalability.ini]
[2021.08.08-09.45.32:512][  0]LogConfig: Setting CVar [[r.Streaming.MipBias:0]]
[2021.08.08-09.45.32:513][  0]LogConfig: Setting CVar [[r.Streaming.AmortizeCPUToGPUCopy:0]]
[2021.08.08-09.45.32:513][  0]LogConfig: Setting CVar [[r.Streaming.MaxNumTexturesToStreamPerFrame:0]]
[2021.08.08-09.45.32:513][  0]LogConfig: Setting CVar [[r.Streaming.Boost:1]]
[2021.08.08-09.45.32:513][  0]LogConfig: Setting CVar [[r.MaxAnisotropy:8]]
[2021.08.08-09.45.32:513][  0]LogConfig: Setting CVar [[r.VT.MaxAnisotropy:8]]
[2021.08.08-09.45.32:513][  0]LogConfig: Setting CVar [[r.Streaming.LimitPoolSizeToVRAM:0]]
[2021.08.08-09.45.32:513][  0]LogConfig: Setting CVar [[r.Streaming.PoolSize:1000]]
[2021.08.08-09.45.32:513][  0]LogConfig: Setting CVar [[r.Streaming.MaxEffectiveScreenSize:0]]
[2021.08.08-09.45.32:513][  0]LogConfig: Applying CVar settings from Section [EffectsQuality@3] File [C:/Users/ACER/Documents/Unreal Projects/MyProject2/Saved/Config/Windows/Scalability.ini]
[2021.08.08-09.45.32:513][  0]LogConfig: Setting CVar [[r.TranslucencyLightingVolumeDim:64]]
[2021.08.08-09.45.32:513][  0]LogConfig: Setting CVar [[r.RefractionQuality:2]]
[2021.08.08-09.45.32:513][  0]LogConfig: Setting CVar [[r.SSR.Quality:3]]
[2021.08.08-09.45.32:513][  0]LogConfig: Setting CVar [[r.SSR.HalfResSceneColor:0]]
[2021.08.08-09.45.32:513][  0]LogConfig: Setting CVar [[r.SceneColorFormat:4]]
[2021.08.08-09.45.32:513][  0]LogConfig: Setting CVar [[r.DetailMode:2]]
[2021.08.08-09.45.32:514][  0]LogConfig: Setting CVar [[r.TranslucencyVolumeBlur:1]]
[2021.08.08-09.45.32:514][  0]LogConfig: Setting CVar [[r.MaterialQualityLevel:1 ; High quality]]
[2021.08.08-09.45.32:514][  0]LogConfig: Setting CVar [[r.SSS.Scale:1]]
[2021.08.08-09.45.32:514][  0]LogConfig: Setting CVar [[r.SSS.SampleSet:2]]
[2021.08.08-09.45.32:514][  0]LogConfig: Setting CVar [[r.SSS.Quality:1]]
[2021.08.08-09.45.32:514][  0]LogConfig: Setting CVar [[r.SSS.HalfRes:0]]
[2021.08.08-09.45.32:514][  0]LogConfig: Setting CVar [[r.SSGI.Quality:3]]
[2021.08.08-09.45.32:514][  0]LogConfig: Setting CVar [[r.EmitterSpawnRateScale:1.0]]
[2021.08.08-09.45.32:514][  0]LogConfig: Setting CVar [[r.ParticleLightQuality:2]]
[2021.08.08-09.45.32:514][  0]LogConfig: Setting CVar [[r.SkyAtmosphere.AerialPerspectiveLUT.FastApplyOnOpaque:1 ; Always have FastSkyLUT 1 in this case to avoid wrong sky]]
[2021.08.08-09.45.32:514][  0]LogConfig: Setting CVar [[r.SkyAtmosphere.AerialPerspectiveLUT.SampleCountPerSlice:1]]
[2021.08.08-09.45.32:514][  0]LogConfig: Setting CVar [[r.SkyAtmosphere.AerialPerspectiveLUT.DepthResolution:16.0]]
[2021.08.08-09.45.32:514][  0]LogConfig: Setting CVar [[r.SkyAtmosphere.FastSkyLUT:1]]
[2021.08.08-09.45.32:514][  0]LogConfig: Setting CVar [[r.SkyAtmosphere.FastSkyLUT.SampleCountMin:4.0]]
[2021.08.08-09.45.32:514][  0]LogConfig: Setting CVar [[r.SkyAtmosphere.FastSkyLUT.SampleCountMax:32.0]]
[2021.08.08-09.45.32:514][  0]LogConfig: Setting CVar [[r.SkyAtmosphere.SampleCountMin:4.0]]
[2021.08.08-09.45.32:515][  0]LogConfig: Setting CVar [[r.SkyAtmosphere.SampleCountMax:32.0]]
[2021.08.08-09.45.32:515][  0]LogConfig: Setting CVar [[r.SkyAtmosphere.TransmittanceLUT.UseSmallFormat:0]]
[2021.08.08-09.45.32:515][  0]LogConfig: Setting CVar [[r.SkyAtmosphere.TransmittanceLUT.SampleCount:10.0]]
[2021.08.08-09.45.32:515][  0]LogConfig: Setting CVar [[r.SkyAtmosphere.MultiScatteringLUT.SampleCount:15.0]]
[2021.08.08-09.45.32:515][  0]LogConfig: Applying CVar settings from Section [FoliageQuality@3] File [C:/Users/ACER/Documents/Unreal Projects/MyProject2/Saved/Config/Windows/Scalability.ini]
[2021.08.08-09.45.32:515][  0]LogConfig: Setting CVar [[foliage.DensityScale:1.0]]
[2021.08.08-09.45.32:515][  0]LogConfig: Setting CVar [[grass.DensityScale:1.0]]
[2021.08.08-09.45.32:515][  0]LogConfig: Applying CVar settings from Section [ShadingQuality@3] File [C:/Users/ACER/Documents/Unreal Projects/MyProject2/Saved/Config/Windows/Scalability.ini]
[2021.08.08-09.45.32:515][  0]LogConfig: Setting CVar [[r.HairStrands.SkyLighting.SampleCount:16]]
[2021.08.08-09.45.32:515][  0]LogConfig: Setting CVar [[r.HairStrands.SkyLighting.JitterIntegration:0]]
[2021.08.08-09.45.32:515][  0]LogConfig: Setting CVar [[r.HairStrands.SkyAO.SampleCount:16]]
[2021.08.08-09.45.32:515][  0]LogConfig: Setting CVar [[r.HairStrands.DeepShadow.SuperSampling:0]]
[2021.08.08-09.45.32:515][  0]LogConfig: Setting CVar [[r.HairStrands.VisibilityPPLL:0]]
[2021.08.08-09.45.32:515][  0]LogConfig: Setting CVar [[r.HairStrands.RasterizationScale:0.5]]
[2021.08.08-09.45.32:515][  0]LogConfig: Setting CVar [[r.HairStrands.VelocityRasterizationScale:1]]
[2021.08.08-09.45.32:516][  0]LogInit: Selected Device Profile: [Windows]
[2021.08.08-09.45.32:517][  0]LogInit: Applying CVar settings loaded from the selected device profile: [Windows]
[2021.08.08-09.45.32:518][  0]LogHAL: Display: Platform has ~ 6 GB [6369652736 / 8589934592 / 6], which maps to Smaller [LargestMinGB=32, LargerMinGB=12, DefaultMinGB=8, SmallerMinGB=6, SmallestMinGB=0)
[2021.08.08-09.45.32:518][  0]LogInit: Going up to parent DeviceProfile []
[2021.08.08-09.45.32:518][  0]LogConfig: Applying CVar settings from Section [ViewDistanceQuality@0] File [C:/Users/ACER/Documents/Unreal Projects/MyProject2/Saved/Config/Windows/Scalability.ini]
[2021.08.08-09.45.32:518][  0]LogConfig: Setting CVar [[r.SkeletalMeshLODBias:2]]
[2021.08.08-09.45.32:519][  0]LogConfig: Setting CVar [[r.ViewDistanceScale:0.4]]
[2021.08.08-09.45.32:519][  0]LogConfig: Applying CVar settings from Section [AntiAliasingQuality@0] File [C:/Users/ACER/Documents/Unreal Projects/MyProject2/Saved/Config/Windows/Scalability.ini]
[2021.08.08-09.45.32:519][  0]LogConfig: Setting CVar [[r.PostProcessAAQuality:0]]
[2021.08.08-09.45.32:519][  0]LogConfig: Applying CVar settings from Section [ShadowQuality@0] File [C:/Users/ACER/Documents/Unreal Projects/MyProject2/Saved/Config/Windows/Scalability.ini]
[2021.08.08-09.45.32:519][  0]LogConfig: Setting CVar [[r.LightFunctionQuality:0]]
[2021.08.08-09.45.32:519][  0]LogConfig: Setting CVar [[r.ShadowQuality:0]]
[2021.08.08-09.45.32:519][  0]LogConfig: Setting CVar [[r.Shadow.CSM.MaxCascades:1]]
[2021.08.08-09.45.32:519][  0]LogConfig: Setting CVar [[r.Shadow.MaxResolution:512]]
[2021.08.08-09.45.32:519][  0]LogConfig: Setting CVar [[r.Shadow.MaxCSMResolution:512]]
[2021.08.08-09.45.32:519][  0]LogConfig: Setting CVar [[r.Shadow.RadiusThreshold:0.06]]
[2021.08.08-09.45.32:519][  0]LogConfig: Setting CVar [[r.Shadow.DistanceScale:0.6]]
[2021.08.08-09.45.32:519][  0]LogConfig: Setting CVar [[r.Shadow.CSM.TransitionScale:0]]
[2021.08.08-09.45.32:519][  0]LogConfig: Setting CVar [[r.Shadow.PreShadowResolutionFactor:0.5]]
[2021.08.08-09.45.32:519][  0]LogConfig: Setting CVar [[r.DistanceFieldShadowing:0]]
[2021.08.08-09.45.32:519][  0]LogConfig: Setting CVar [[r.DistanceFieldAO:0]]
[2021.08.08-09.45.32:519][  0]LogConfig: Setting CVar [[r.VolumetricFog:0]]
[2021.08.08-09.45.32:519][  0]LogConfig: Setting CVar [[r.LightMaxDrawDistanceScale:0]]
[2021.08.08-09.45.32:520][  0]LogConfig: Setting CVar [[r.CapsuleShadows:0]]
[2021.08.08-09.45.32:520][  0]LogConfig: Applying CVar settings from Section [PostProcessQuality@0] File [C:/Users/ACER/Documents/Unreal Projects/MyProject2/Saved/Config/Windows/Scalability.ini]
[2021.08.08-09.45.32:520][  0]LogConfig: Setting CVar [[r.MotionBlurQuality:0]]
[2021.08.08-09.45.32:520][  0]LogConfig: Setting CVar [[r.AmbientOcclusionMipLevelFactor:1.0]]
[2021.08.08-09.45.32:520][  0]LogConfig: Setting CVar [[r.AmbientOcclusionMaxQuality:0]]
[2021.08.08-09.45.32:520][  0]LogConfig: Setting CVar [[r.AmbientOcclusionLevels:0]]
[2021.08.08-09.45.32:520][  0]LogConfig: Setting CVar [[r.AmbientOcclusionRadiusScale:1.2]]
[2021.08.08-09.45.32:520][  0]LogConfig: Setting CVar [[r.DepthOfFieldQuality:0]]
[2021.08.08-09.45.32:520][  0]LogConfig: Setting CVar [[r.RenderTargetPoolMin:300]]
[2021.08.08-09.45.32:520][  0]LogConfig: Setting CVar [[r.LensFlareQuality:0]]
[2021.08.08-09.45.32:520][  0]LogConfig: Setting CVar [[r.SceneColorFringeQuality:0]]
[2021.08.08-09.45.32:520][  0]LogConfig: Setting CVar [[r.EyeAdaptationQuality:0]]
[2021.08.08-09.45.32:520][  0]LogConfig: Setting CVar [[r.BloomQuality:4]]
[2021.08.08-09.45.32:520][  0]LogConfig: Setting CVar [[r.FastBlurThreshold:0]]
[2021.08.08-09.45.32:520][  0]LogConfig: Setting CVar [[r.Upscale.Quality:1]]
[2021.08.08-09.45.32:520][  0]LogConfig: Setting CVar [[r.Tonemapper.GrainQuantization:0]]
[2021.08.08-09.45.32:521][  0]LogConfig: Setting CVar [[r.LightShaftQuality:0]]
[2021.08.08-09.45.32:521][  0]LogConfig: Setting CVar [[r.Filter.SizeScale:0.6]]
[2021.08.08-09.45.32:521][  0]LogConfig: Setting CVar [[r.Tonemapper.Quality:0]]
[2021.08.08-09.45.32:521][  0]LogConfig: Applying CVar settings from Section [TextureQuality@0] File [C:/Users/ACER/Documents/Unreal Projects/MyProject2/Saved/Config/Windows/Scalability.ini]
[2021.08.08-09.45.32:521][  0]LogConfig: Setting CVar [[r.Streaming.MipBias:16]]
[2021.08.08-09.45.32:521][  0]LogConfig: Setting CVar [[r.Streaming.AmortizeCPUToGPUCopy:1]]
[2021.08.08-09.45.32:521][  0]LogConfig: Setting CVar [[r.Streaming.MaxNumTexturesToStreamPerFrame:1]]
[2021.08.08-09.45.32:521][  0]LogConfig: Setting CVar [[r.Streaming.Boost:0.3]]
[2021.08.08-09.45.32:521][  0]LogConfig: Setting CVar [[r.MaxAnisotropy:0]]
[2021.08.08-09.45.32:521][  0]LogConfig: Setting CVar [[r.VT.MaxAnisotropy:4]]
[2021.08.08-09.45.32:521][  0]LogConfig: Setting CVar [[r.Streaming.LimitPoolSizeToVRAM:1]]
[2021.08.08-09.45.32:521][  0]LogConfig: Setting CVar [[r.Streaming.PoolSize:400]]
[2021.08.08-09.45.32:521][  0]LogConfig: Setting CVar [[r.Streaming.MaxEffectiveScreenSize:0]]
[2021.08.08-09.45.32:521][  0]LogConfig: Applying CVar settings from Section [EffectsQuality@0] File [C:/Users/ACER/Documents/Unreal Projects/MyProject2/Saved/Config/Windows/Scalability.ini]
[2021.08.08-09.45.32:521][  0]LogConfig: Setting CVar [[r.TranslucencyLightingVolumeDim:24]]
[2021.08.08-09.45.32:522][  0]LogConfig: Setting CVar [[r.RefractionQuality:0]]
[2021.08.08-09.45.32:522][  0]LogConfig: Setting CVar [[r.SSR.Quality:0]]
[2021.08.08-09.45.32:522][  0]LogConfig: Setting CVar [[r.SSR.HalfResSceneColor:1]]
[2021.08.08-09.45.32:522][  0]LogConfig: Setting CVar [[r.SceneColorFormat:3]]
[2021.08.08-09.45.32:522][  0]LogConfig: Setting CVar [[r.DetailMode:0]]
[2021.08.08-09.45.32:522][  0]LogConfig: Setting CVar [[r.TranslucencyVolumeBlur:0]]
[2021.08.08-09.45.32:522][  0]LogConfig: Setting CVar [[r.MaterialQualityLevel:0 ; Low quality]]
[2021.08.08-09.45.32:522][  0]LogConfig: Setting CVar [[r.SSS.Scale:0]]
[2021.08.08-09.45.32:522][  0]LogConfig: Setting CVar [[r.SSS.SampleSet:0]]
[2021.08.08-09.45.32:522][  0]LogConfig: Setting CVar [[r.SSS.Quality:0]]
[2021.08.08-09.45.32:522][  0]LogConfig: Setting CVar [[r.SSS.HalfRes:1]]
[2021.08.08-09.45.32:522][  0]LogConfig: Setting CVar [[r.SSGI.Quality:0]]
[2021.08.08-09.45.32:522][  0]LogConfig: Setting CVar [[r.EmitterSpawnRateScale:0.125]]
[2021.08.08-09.45.32:522][  0]LogConfig: Setting CVar [[r.ParticleLightQuality:0]]
[2021.08.08-09.45.32:522][  0]LogConfig: Setting CVar [[r.SkyAtmosphere.AerialPerspectiveLUT.FastApplyOnOpaque:1 ; Always have FastSkyLUT 1 in this case to avoid wrong sky]]
[2021.08.08-09.45.32:522][  0]LogConfig: Setting CVar [[r.SkyAtmosphere.AerialPerspectiveLUT.SampleCountPerSlice:1]]
[2021.08.08-09.45.32:522][  0]LogConfig: Setting CVar [[r.SkyAtmosphere.AerialPerspectiveLUT.DepthResolution:8.0]]
[2021.08.08-09.45.32:522][  0]LogConfig: Setting CVar [[r.SkyAtmosphere.FastSkyLUT:1]]
[2021.08.08-09.45.32:522][  0]LogConfig: Setting CVar [[r.SkyAtmosphere.FastSkyLUT.SampleCountMin:2.0]]
[2021.08.08-09.45.32:523][  0]LogConfig: Setting CVar [[r.SkyAtmosphere.FastSkyLUT.SampleCountMax:16.0]]
[2021.08.08-09.45.32:523][  0]LogConfig: Setting CVar [[r.SkyAtmosphere.SampleCountMin:2.0]]
[2021.08.08-09.45.32:523][  0]LogConfig: Setting CVar [[r.SkyAtmosphere.SampleCountMax:16.0]]
[2021.08.08-09.45.32:523][  0]LogConfig: Setting CVar [[r.SkyAtmosphere.TransmittanceLUT.UseSmallFormat:1]]
[2021.08.08-09.45.32:523][  0]LogConfig: Setting CVar [[r.SkyAtmosphere.TransmittanceLUT.SampleCount:10.0]]
[2021.08.08-09.45.32:523][  0]LogConfig: Setting CVar [[r.SkyAtmosphere.MultiScatteringLUT.SampleCount:15.0]]
[2021.08.08-09.45.32:523][  0]LogConfig: Applying CVar settings from Section [FoliageQuality@0] File [C:/Users/ACER/Documents/Unreal Projects/MyProject2/Saved/Config/Windows/Scalability.ini]
[2021.08.08-09.45.32:523][  0]LogConfig: Setting CVar [[foliage.DensityScale:0]]
[2021.08.08-09.45.32:523][  0]LogConfig: Setting CVar [[grass.DensityScale:0]]
[2021.08.08-09.45.32:523][  0]LogConfig: Applying CVar settings from Section [ShadingQuality@0] File [C:/Users/ACER/Documents/Unreal Projects/MyProject2/Saved/Config/Windows/Scalability.ini]
[2021.08.08-09.45.32:523][  0]LogConfig: Setting CVar [[r.HairStrands.SkyLighting.SampleCount:8]]
[2021.08.08-09.45.32:523][  0]LogConfig: Setting CVar [[r.HairStrands.SkyLighting.JitterIntegration:0]]
[2021.08.08-09.45.32:523][  0]LogConfig: Setting CVar [[r.HairStrands.SkyAO.SampleCount:8]]
[2021.08.08-09.45.32:523][  0]LogConfig: Setting CVar [[r.HairStrands.DeepShadow.SuperSampling:0]]
[2021.08.08-09.45.32:523][  0]LogConfig: Setting CVar [[r.HairStrands.VisibilityPPLL:0]]
[2021.08.08-09.45.32:523][  0]LogConfig: Setting CVar [[r.HairStrands.RasterizationScale:0.5]]
[2021.08.08-09.45.32:523][  0]LogConfig: Setting CVar [[r.HairStrands.VelocityRasterizationScale:1]]
[2021.08.08-09.45.32:523][  0]LogConfig: Applying CVar settings from Section [Startup] File [../../../Engine/Config/ConsoleVariables.ini]
[2021.08.08-09.45.32:525][  0]LogConfig: Setting CVar [[net.UseAdaptiveNetUpdateFrequency:0]]
[2021.08.08-09.45.32:525][  0]LogConfig: Setting CVar [[p.chaos.AllowCreatePhysxBodies:1]]
[2021.08.08-09.45.32:525][  0]LogConfig: Setting CVar [[fx.SkipVectorVMBackendOptimizations:1]]
[2021.08.08-09.45.32:525][  0]LogConfig: Applying CVar settings from Section [ConsoleVariables] File [C:/Users/ACER/Documents/Unreal Projects/MyProject2/Saved/Config/Windows/Engine.ini]
[2021.08.08-09.45.32:531][  0]LogInit: Computer: LAPTOP-49V2EL76
[2021.08.08-09.45.32:531][  0]LogInit: User: ACER
[2021.08.08-09.45.32:532][  0]LogInit: CPU Page size=4096, Cores=4
[2021.08.08-09.45.32:532][  0]LogInit: High frequency timer resolution =10.000000 MHz
[2021.08.08-09.45.32:532][  0]LogMemory: Memory total: Physical=5.9GB (6GB approx)
[2021.08.08-09.45.32:532][  0]LogMemory: Platform Memory Stats for Windows
[2021.08.08-09.45.32:533][  0]LogMemory: Process Physical Memory: 115.79 MB used, 115.79 MB peak
[2021.08.08-09.45.32:533][  0]LogMemory: Process Virtual Memory: 104.03 MB used, 104.03 MB peak
[2021.08.08-09.45.32:533][  0]LogMemory: Physical Memory: 5553.80 MB used,  520.78 MB free, 6074.57 MB total
[2021.08.08-09.45.32:533][  0]LogMemory: Virtual Memory: 5153.17 MB used,  134212576.00 MB free, 134217728.00 MB total
[2021.08.08-09.45.32:548][  0]LogWindows: WindowsPlatformFeatures enabled
[2021.08.08-09.45.32:923][  0]LogInit: Physics initialised using underlying interface: PhysX
[2021.08.08-09.45.32:928][  0]LogInit: Overriding language with editor language configuration option (en).
[2021.08.08-09.45.32:928][  0]LogInit: Overriding locale with editor locale configuration option (ru).
[2021.08.08-09.45.33:315][  0]LogInit: Setting process to per monitor DPI aware
[2021.08.08-09.45.33:456][  0]LogSlate: New Slate User Created.  User Index 0, Is Virtual User: 0
[2021.08.08-09.45.33:457][  0]LogSlate: Slate User Registered.  User Index 0, Is Virtual User: 0
[2021.08.08-09.45.33:893][  0]LogHMD: Failed to initialize OpenVR with code 110
[2021.08.08-09.45.33:893][  0]LogD3D11RHI: D3D11 min allowed feature level: 11_0
[2021.08.08-09.45.33:893][  0]LogD3D11RHI: D3D11 max allowed feature level: 11_0
[2021.08.08-09.45.33:893][  0]LogD3D11RHI: D3D11 adapters:
[2021.08.08-09.45.33:984][  0]LogD3D11RHI:    0. 'AMD Radeon(TM) 540X' (Feature Level 11_0)
[2021.08.08-09.45.33:984][  0]LogD3D11RHI:       2028/0/3037 MB DedicatedVideo/DedicatedSystem/SharedSystem, Outputs:1, VendorId:0x1002
[2021.08.08-09.45.34:029][  0]LogD3D11RHI:    1. 'AMD Radeon(TM) Vega 8 Graphics' (Feature Level 11_0)
[2021.08.08-09.45.34:029][  0]LogD3D11RHI:       2034/0/3037 MB DedicatedVideo/DedicatedSystem/SharedSystem, Outputs:0, VendorId:0x1002
[2021.08.08-09.45.34:042][  0]LogD3D11RHI:    2. 'Microsoft Basic Render Driver' (Feature Level 11_0)
[2021.08.08-09.45.34:042][  0]LogD3D11RHI:       0/0/3037 MB DedicatedVideo/DedicatedSystem/SharedSystem, Outputs:0, VendorId:0x1414
[2021.08.08-09.45.34:042][  0]LogD3D11RHI: Chosen D3D11 Adapter: 0
[2021.08.08-09.45.34:060][  0]LogD3D11RHI: Creating new Direct3DDevice
[2021.08.08-09.45.34:060][  0]LogD3D11RHI:     GPU DeviceId: 0x6987 (for the marketing name, search the web for "GPU Device Id")
[2021.08.08-09.45.34:060][  0]LogWindows: EnumDisplayDevices:
[2021.08.08-09.45.34:060][  0]LogWindows:    0. 'AMD Radeon(TM) Vega 8 Graphics ' (P:1 D:1)
[2021.08.08-09.45.34:061][  0]LogWindows:    1. 'AMD Radeon(TM) Vega 8 Graphics ' (P:0 D:0)
[2021.08.08-09.45.34:062][  0]LogWindows:    2. 'AMD Radeon(TM) Vega 8 Graphics ' (P:0 D:0)
[2021.08.08-09.45.34:062][  0]LogWindows:    3. 'AMD Radeon(TM) Vega 8 Graphics ' (P:0 D:0)
[2021.08.08-09.45.34:063][  0]LogWindows:    4. 'AMD Radeon(TM) 540X' (P:0 D:0)
[2021.08.08-09.45.34:063][  0]LogWindows:    5. 'AMD Radeon(TM) 540X' (P:0 D:0)
[2021.08.08-09.45.34:064][  0]LogWindows:    6. 'AMD Radeon(TM) 540X' (P:0 D:0)
[2021.08.08-09.45.34:064][  0]LogWindows: DebugString: PrimaryIsNotTheChoosenAdapter PrimaryIsNotTheChoosenAdapter PrimaryIsNotTheChoosenAdapter PrimaryIsNotTheChoosenAdapter FoundDriverCount:3 
[2021.08.08-09.45.34:064][  0]LogD3D11RHI:     Adapter Name: AMD Radeon(TM) 540X
[2021.08.08-09.45.34:064][  0]LogD3D11RHI:   Driver Version: Adrenalin 20.10.26 (internal:27.20.1026.1, unified:27.20.1026.1)
[2021.08.08-09.45.34:064][  0]LogD3D11RHI:      Driver Date: 6-30-2020
[2021.08.08-09.45.34:066][  0]LogRHI: Texture pool is 1207 MB (70% of 1724 MB)
[2021.08.08-09.45.34:192][  0]LogD3D11RHI: RHI has support for 64 bit atomics
[2021.08.08-09.45.34:192][  0]LogD3D11RHI: Async texture creation enabled
[2021.08.08-09.45.34:192][  0]LogD3D11RHI: Array index from any shader is supported
[2021.08.08-09.45.34:240][  0]LogD3D11RHI: GPU Timing Frequency: 25.000000 (Debug: 2 1)
[2021.08.08-09.45.34:737][  0]LogTargetPlatformManager: Display: Loaded TargetPlatform 'AllDesktop'
[2021.08.08-09.45.34:778][  0]LogTargetPlatformManager: Display: Loaded TargetPlatform 'Android'
[2021.08.08-09.45.34:778][  0]LogTargetPlatformManager: Display: Loaded TargetPlatform 'Android_ASTC'
[2021.08.08-09.45.34:778][  0]LogTargetPlatformManager: Display: Loaded TargetPlatform 'Android_DXT'
[2021.08.08-09.45.34:778][  0]LogTargetPlatformManager: Display: Loaded TargetPlatform 'Android_ETC2'
[2021.08.08-09.45.34:778][  0]LogTargetPlatformManager: Display: Loaded TargetPlatform 'AndroidClient'
[2021.08.08-09.45.34:778][  0]LogTargetPlatformManager: Display: Loaded TargetPlatform 'Android_ASTCClient'
[2021.08.08-09.45.34:778][  0]LogTargetPlatformManager: Display: Loaded TargetPlatform 'Android_DXTClient'
[2021.08.08-09.45.34:778][  0]LogTargetPlatformManager: Display: Loaded TargetPlatform 'Android_ETC2Client'
[2021.08.08-09.45.34:778][  0]LogTargetPlatformManager: Display: Loaded TargetPlatform 'Android_Multi'
[2021.08.08-09.45.34:778][  0]LogTargetPlatformManager: Display: Loaded TargetPlatform 'Android_MultiClient'
[2021.08.08-09.45.34:835][  0]LogTargetPlatformManager: Display: Loaded TargetPlatform 'IOSClient'
[2021.08.08-09.45.34:835][  0]LogTargetPlatformManager: Display: Loaded TargetPlatform 'IOS'
[2021.08.08-09.45.34:860][  0]LogTargetPlatformManager: Display: Loaded TargetPlatform 'Linux'
[2021.08.08-09.45.34:880][  0]LogTargetPlatformManager: Display: Loaded TargetPlatform 'LinuxNoEditor'
[2021.08.08-09.45.34:902][  0]LogTargetPlatformManager: Display: Loaded TargetPlatform 'LinuxClient'
[2021.08.08-09.45.34:925][  0]LogTargetPlatformManager: Display: Loaded TargetPlatform 'LinuxServer'
[2021.08.08-09.45.34:945][  0]LogTargetPlatformManager: Display: Loaded TargetPlatform 'LinuxAArch64NoEditor'
[2021.08.08-09.45.34:967][  0]LogTargetPlatformManager: Display: Loaded TargetPlatform 'LinuxAArch64Client'
[2021.08.08-09.45.34:989][  0]LogTargetPlatformManager: Display: Loaded TargetPlatform 'LinuxAArch64Server'
[2021.08.08-09.45.35:042][  0]LogTargetPlatformManager: Display: Loaded TargetPlatform 'Lumin'
[2021.08.08-09.45.35:042][  0]LogTargetPlatformManager: Display: Loaded TargetPlatform 'LuminClient'
[2021.08.08-09.45.35:078][  0]LogTargetPlatformManager: Display: Loaded TargetPlatform 'TVOSClient'
[2021.08.08-09.45.35:078][  0]LogTargetPlatformManager: Display: Loaded TargetPlatform 'TVOS'
[2021.08.08-09.45.35:101][  0]LogTargetPlatformManager: Display: Loaded TargetPlatform 'WindowsNoEditor'
[2021.08.08-09.45.35:122][  0]LogTargetPlatformManager: Display: Loaded TargetPlatform 'Windows'
[2021.08.08-09.45.35:142][  0]LogTargetPlatformManager: Display: Loaded TargetPlatform 'WindowsClient'
[2021.08.08-09.45.35:162][  0]LogTargetPlatformManager: Display: Loaded TargetPlatform 'WindowsServer'
[2021.08.08-09.45.35:162][  0]LogTargetPlatformManager: Display: Building Assets For Windows
[2021.08.08-09.45.35:192][  0]LogAudioDebug: Display: Lib vorbis DLL was dynamically loaded.
[2021.08.08-09.45.35:427][  0]LogShaderCompilers: Guid format shader working directory is -21 characters bigger than the processId version (../../../../../../Users/ACER/Documents/Unreal Projects/MyProject2/Intermediate/Shaders/WorkingDirectory/12832/).
[2021.08.08-09.45.35:428][  0]LogShaderCompilers: Cleaned the shader compiler working directory 'C:/Users/ACER/AppData/Local/Temp/UnrealShaderWorkingDir/4F1DE06A49B64528F67BED8CD3C32EF7/'.
[2021.08.08-09.45.35:430][  0]LogXGEController: Cleaning working directory: C:/Users/ACER/AppData/Local/Temp/UnrealXGEWorkingDir/
[2021.08.08-09.45.35:431][  0]LogXGEController: Cannot use XGE Controller as Incredibuild is not installed on this machine.
[2021.08.08-09.45.35:431][  0]LogShaderCompilers: Cannot use XGE Shader Compiler as Incredibuild is not installed on this machine.
[2021.08.08-09.45.35:431][  0]LogShaderCompilers: Display: Using Local Shader Compiler.
[2021.08.08-09.45.36:676][  0]LogDerivedDataCache: Display: Max Cache Size: 512 MB
[2021.08.08-09.45.36:819][  0]LogDerivedDataCache: Loaded boot cache 0.14s 79MB C:/Users/ACER/AppData/Local/UnrealEngine/4.25/DerivedDataCache/Boot.ddc.
[2021.08.08-09.45.36:819][  0]LogDerivedDataCache: Display: Loaded Boot cache: C:/Users/ACER/AppData/Local/UnrealEngine/4.25/DerivedDataCache/Boot.ddc
[2021.08.08-09.45.36:819][  0]LogDerivedDataCache: FDerivedDataBackendGraph:  Pak pak cache file ../../../../../../Users/ACER/Documents/Unreal Projects/MyProject2/DerivedDataCache/DDC.ddp not found, will not use a pak cache.
[2021.08.08-09.45.36:819][  0]LogDerivedDataCache: Unable to find inner node Pak for hierarchical cache Hierarchy.
[2021.08.08-09.45.36:821][  0]LogDerivedDataCache: FDerivedDataBackendGraph:  CompressedPak pak cache file ../../../../../../Users/ACER/Documents/Unreal Projects/MyProject2/DerivedDataCache/Compressed.ddp not found, will not use a pak cache.
[2021.08.08-09.45.36:821][  0]LogDerivedDataCache: Unable to find inner node CompressedPak for hierarchical cache Hierarchy.
[2021.08.08-09.45.36:843][  0]LogDerivedDataCache: Display: Pak cache opened for reading ../../../Engine/DerivedDataCache/Compressed.ddp.
[2021.08.08-09.45.36:843][  0]LogDerivedDataCache: FDerivedDataBackendGraph:  EnterprisePak pak cache file ../../../Enterprise/DerivedDataCache/Compressed.ddp not found, will not use a pak cache.
[2021.08.08-09.45.36:843][  0]LogDerivedDataCache: Unable to find inner node EnterprisePak for hierarchical cache Hierarchy.
[2021.08.08-09.45.36:907][  0]LogDerivedDataCache: Using Local data cache path C:/Users/ACER/AppData/Local/UnrealEngine/Common/DerivedDataCache: Writable
[2021.08.08-09.45.36:908][  0]LogDerivedDataCache: Shared data cache path not found in *engine.ini, will not use an Shared cache.
[2021.08.08-09.45.36:908][  0]LogDerivedDataCache: Unable to find inner node Shared for hierarchical cache Hierarchy.
[2021.08.08-09.45.36:999][  0]LogSlate: Using FreeType 2.10.0
[2021.08.08-09.45.37:004][  0]LogSlate: SlateFontServices - WITH_FREETYPE: 1, WITH_HARFBUZZ: 1
[2021.08.08-09.45.37:157][  0]LogAssetRegistry: FAssetRegistry took 0.0843 seconds to start up
[2021.08.08-09.45.37:910][  0]LogInit: Selected Device Profile: [Windows]
[2021.08.08-09.45.38:255][  0]LogMeshReduction: Using QuadricMeshReduction for automatic static mesh reduction
[2021.08.08-09.45.38:255][  0]LogMeshReduction: Using SimplygonMeshReduction for automatic skeletal mesh reduction
[2021.08.08-09.45.38:255][  0]LogMeshReduction: Using ProxyLODMeshReduction for automatic mesh merging
[2021.08.08-09.45.38:255][  0]LogMeshReduction: No distributed automatic mesh merging module available
[2021.08.08-09.45.38:256][  0]LogMeshMerging: No distributed automatic mesh merging module available
[2021.08.08-09.45.38:324][  0]LogNetVersion: MyProject2 1.0.0, NetCL: 13144385, EngineNetVer: 14, GameNetVer: 0 (Checksum: 2431794755)
[2021.08.08-09.45.39:875][  0]LogAISub: UAISubsystem::UAISubsystem AISubsystem (0000020DF37D5800), frame # 0
[2021.08.08-09.45.39:877][  0]LogAISub: UAISubsystem::UAISubsystem AIPerceptionSystem (0000020DF4676AC0), frame # 0
[2021.08.08-09.45.39:889][  0]LogAISub: UAISubsystem::UAISubsystem EnvQueryManager (0000020DF46C5C00), frame # 0
[2021.08.08-09.45.40:191][  0]LogPackageLocalizationCache: Processed 20 localized package path(s) for 1 prioritized culture(s) in 0.131722 seconds
[2021.08.08-09.45.40:207][  0]LogUObjectArray: 15917 objects as part of root set at end of initial load.
[2021.08.08-09.45.40:207][  0]LogUObjectAllocator: 3965568 out of 0 bytes used by permanent object pool.
[2021.08.08-09.45.40:207][  0]LogUObjectArray: CloseDisregardForGC: 0/0 objects in disregard for GC pool
[2021.08.08-09.45.41:799][  0]LogTcpMessaging: Initializing TcpMessaging bridge
[2021.08.08-09.45.41:815][  0]LogUdpMessaging: Initializing bridge on interface 0.0.0.0:0 to multicast group 230.0.0.1:6666.
[2021.08.08-09.45.42:271][  0]LogLinker: Warning: Failed to load '/Game/ThirdPersonBP/ThirdPersonOverview': Can't find file.
[2021.08.08-09.45.42:272][  0]LogLinker: Warning: Failed to load '/Game/ThirdPersonBP/ThirdPersonOverview': Can't find file.
[2021.08.08-09.45.42:272][  0]LogUObjectGlobals: Warning: Failed to find object 'Class /Game/ThirdPersonBP/ThirdPersonOverview.ThirdPersonOverview_C'
[2021.08.08-09.45.42:384][  0]SourceControl: Source control is disabled
[2021.08.08-09.45.42:384][  0]SourceControl: Source control is disabled
[2021.08.08-09.45.42:403][  0]SourceControl: Source control is disabled
[2021.08.08-09.45.42:415][  0]SourceControl: Source control is disabled
[2021.08.08-09.45.42:444][  0]SourceControl: Source control is disabled
[2021.08.08-09.45.43:208][  0]LogAndroidPermission: UAndroidPermissionCallbackProxy::GetInstance
[2021.08.08-09.45.43:265][  0]LogAudioCaptureCore: Display: No Audio Capture implementations found. Audio input will be silent.
[2021.08.08-09.45.43:265][  0]LogAudioCaptureCore: Display: No Audio Capture implementations found. Audio input will be silent.
[2021.08.08-09.45.43:389][  0]LogOcInput: OculusInput pre-init called
[2021.08.08-09.45.43:418][  0]LogWindows: Failed to load 'OVRPlugin.dll' (GetLastError=126)
[2021.08.08-09.45.43:418][  0]LogWindows: File 'OVRPlugin.dll' does not exist
[2021.08.08-09.45.43:739][  0]LogEngine: Initializing Engine...
[2021.08.08-09.45.43:749][  0]LogHMD: Failed to initialize OpenVR with code 110
[2021.08.08-09.45.43:750][  0]LogMagicLeap: Warning: VR disabled because ZI is not enabled.  To enable, in the editor, Edit -> Project Settings -> Plugins -> Magic Leap Plugin -> Enable Zero Iteration
[2021.08.08-09.45.43:756][  0]LogStats: UGameplayTagsManager::InitializeManager -  0.003 s
[2021.08.08-09.45.44:103][  0]LogInit: Initializing FReadOnlyCVARCache
[2021.08.08-09.45.44:324][  0]LogAIModule: Creating AISystem for world Untitled
[2021.08.08-09.45.44:326][  0]LogAISub: UAISubsystem::UAISubsystem EnvQueryManager (0000020DF8DC1E00), frame # 0
[2021.08.08-09.45.44:328][  0]LogAISub: UAISubsystem::UAISubsystem AIPerceptionSystem (0000020DF8DAF240), frame # 0
[2021.08.08-09.45.44:375][  0]LogAudioMixer: Display: Audio Mixer Platform Settings:
[2021.08.08-09.45.44:375][  0]LogAudioMixer: Display: 	Sample Rate:						  48000
[2021.08.08-09.45.44:375][  0]LogAudioMixer: Display: 	Callback Buffer Frame Size Requested: 1024
[2021.08.08-09.45.44:375][  0]LogAudioMixer: Display: 	Callback Buffer Frame Size To Use:	  1024
[2021.08.08-09.45.44:375][  0]LogAudioMixer: Display: 	Number of buffers to queue:			  2
[2021.08.08-09.45.44:375][  0]LogAudioMixer: Display: 	Max Channels (voices):				  32
[2021.08.08-09.45.44:376][  0]LogAudioMixer: Display: 	Number of Async Source Workers:		  0
[2021.08.08-09.45.44:376][  0]LogAudio: Display: AudioDevice MaxSources: 32
[2021.08.08-09.45.44:380][  0]LogAudio: Display: Using built-in audio occlusion.
[2021.08.08-09.45.44:380][  0]LogAudioMixer: Display: Initializing audio mixer.
[2021.08.08-09.45.44:441][  0]LogAudioMixer: Display: 0: FrontLeft
[2021.08.08-09.45.44:441][  0]LogAudioMixer: Display: 1: FrontRight
[2021.08.08-09.45.45:214][  0]LogAudioMixer: Display: Using Audio Device Динамики (Realtek(R) Audio)
[2021.08.08-09.45.45:217][  0]LogAudioMixer: Display: Initializing Sound Submixes...
[2021.08.08-09.45.45:225][  0]LogAudioMixer: Display: Creating Master Submix 'MasterSubmixDefault'
[2021.08.08-09.45.45:225][  0]LogAudioMixer: Display: Creating Master Submix 'MasterReverbSubmixDefault'
[2021.08.08-09.45.45:228][  0]LogAudioMixer: Display: Creating Master Submix 'MasterEQSubmixDefault'
[2021.08.08-09.45.45:231][  0]LogInit: FAudioDevice initialized.
[2021.08.08-09.45.45:238][  0]LogNetVersion: Set ProjectVersion to 1.0.0.0. Version Checksum will be recalculated on next use.
[2021.08.08-09.45.45:491][  0]LogDerivedDataCache: Saved boot cache 0.25s 79MB C:/Users/ACER/AppData/Local/UnrealEngine/4.25/DerivedDataCache/Boot.ddc.
[2021.08.08-09.45.45:511][  0]LogInit: Texture streaming: Enabled
[2021.08.08-09.45.45:584][  0]LogEngineSessionManager: EngineSessionManager initialized
[2021.08.08-09.45.45:584][  0]LogEditorSessionSummary: Verbose: Initializing EditorSessionSummaryWriter for editor session tracking
[2021.08.08-09.45.45:592][  0]LogEditorSessionSummary: EditorSessionSummaryWriter initialized
[2021.08.08-09.45.45:746][  0]LogInit: Transaction tracking system initialized
[2021.08.08-09.45.46:058][  0]BlueprintLog: New page: Editor Load
[2021.08.08-09.45.46:464][  0]LocalizationService: Localization service is disabled
[2021.08.08-09.45.47:431][  0]LogFileCache: Scanning file cache for directory 'C:/Users/ACER/Documents/Unreal Projects/MyProject2/Content/' took 0.01s
[2021.08.08-09.45.47:432][  0]LogCook: Display: Max memory allowance for cook 16384mb min free memory 0mb
[2021.08.08-09.45.47:432][  0]LogCook: Display: Mobile HDR setting 1
[2021.08.08-09.45.48:592][  0]SourceControl: Source control is disabled
[2021.08.08-09.45.48:592][  0]LogUnrealEdMisc: Loading editor; pre map load, took 21.521
[2021.08.08-09.45.48:597][  0]Cmd: MAP LOAD FILE="../../../../../../Users/ACER/Documents/Unreal Projects/MyProject2/Content/TopDownCPP/Maps/TopDownExampleMap.umap" TEMPLATE=0 SHOWPROGRESS=1 FEATURELEVEL=3
[2021.08.08-09.45.48:602][  0]LightingResults: New page: Lighting Build
[2021.08.08-09.45.48:614][  0]LogWorld: UWorld::CleanupWorld for Untitled, bSessionEnded=true, bCleanupResources=true
[2021.08.08-09.45.48:618][  0]LogSlate: InvalidateAllWidgets triggered.  All widgets were invalidated
[2021.08.08-09.45.48:622][  0]MapCheck: New page: Map Check
[2021.08.08-09.45.48:622][  0]LightingResults: New page: Lighting Build
[2021.08.08-09.45.48:675][  0]LogAISub: UAISubsystem::~UAISubsystem EnvQueryManager (0000020DF8DC1E00), frame # 0
[2021.08.08-09.45.48:675][  0]LogAISub: UAISubsystem::~UAISubsystem AIPerceptionSystem (0000020DF8DAF240), frame # 0
[2021.08.08-09.45.48:683][  0]LogUObjectHash: Compacting FUObjectHashTables data took   2.99ms
[2021.08.08-09.45.48:960][  0]LogAIModule: Creating AISystem for world TopDownExampleMap
[2021.08.08-09.45.48:960][  0]LogAISub: UAISubsystem::UAISubsystem EnvQueryManager (0000020D8E16A200), frame # 0
[2021.08.08-09.45.48:960][  0]LogAISub: UAISubsystem::UAISubsystem AIPerceptionSystem (0000020DF52DBD80), frame # 0
[2021.08.08-09.45.49:029][  0]LogEditorServer: Finished looking for orphan Actors (0.000 secs)
[2021.08.08-09.45.49:082][  0]LogUObjectHash: Compacting FUObjectHashTables data took   2.13ms
[2021.08.08-09.45.49:083][  0]Cmd: MAP CHECKDEP NOCLEARLOG
[2021.08.08-09.45.49:085][  0]MapCheck: Map check complete: 0 Error(s), 0 Warning(s), took 0,89ms to complete.
[2021.08.08-09.45.49:085][  0]LogFileHelpers: Loading map 'TopDownExampleMap' took 0.491
[2021.08.08-09.45.49:182][  0]LogUnrealEdMisc: Total Editor Startup Time, took 22.111
[2021.08.08-09.45.49:454][  0]LogSlate: Updating window title bar state: overlay mode, drag disabled, window buttons hidden, title bar hidden
[2021.08.08-09.45.49:464][  0]LogSlate: Updating window title bar state: overlay mode, drag disabled, window buttons hidden, title bar hidden
[2021.08.08-09.45.49:473][  0]LogSlate: Updating window title bar state: overlay mode, drag disabled, window buttons hidden, title bar hidden
[2021.08.08-09.45.49:483][  0]LogSlate: Updating window title bar state: overlay mode, drag disabled, window buttons hidden, title bar hidden
[2021.08.08-09.45.49:513][  0]LogCollectionManager: Loaded 0 collections in 0.006510 seconds
[2021.08.08-09.45.49:606][  0]LogFileCache: Scanning file cache for directory 'C:/Users/ACER/Documents/Unreal Projects/MyProject2/Saved/Collections/' took 0.00s
[2021.08.08-09.45.49:606][  0]LogFileCache: Scanning file cache for directory 'C:/Users/ACER/Documents/Unreal Projects/MyProject2/Content/Developers/ACER/Collections/' took 0.00s
[2021.08.08-09.45.49:606][  0]LogFileCache: Scanning file cache for directory 'C:/Users/ACER/Documents/Unreal Projects/MyProject2/Content/Collections/' took 0.00s
[2021.08.08-09.45.49:606][  0]LogContentBrowser: Native class hierarchy populated in 0.0349 seconds. Added 3431 classes and 826 folders.
[2021.08.08-09.45.49:633][  0]LogContentBrowser: Native class hierarchy updated for 'WidgetCarousel' in 0.0005 seconds. Added 0 classes and 0 folders.
[2021.08.08-09.45.49:864][  0]LogContentBrowser: Native class hierarchy updated for 'AddContentDialog' in 0.0005 seconds. Added 0 classes and 0 folders.
[2021.08.08-09.45.49:876][  0]LogContentBrowser: Native class hierarchy updated for 'SceneOutliner' in 0.0013 seconds. Added 2 classes and 0 folders.
[2021.08.08-09.45.50:125][  0]LogContentBrowser: Native class hierarchy updated for 'WorldBrowser' in 0.0007 seconds. Added 2 classes and 3 folders.
[2021.08.08-09.45.50:243][  0]LogSlate: Took 0.001483 seconds to synchronously load lazily loaded font '../../../Engine/Content/Slate/Fonts/Roboto-Regular.ttf' (155K)
[2021.08.08-09.45.50:252][  0]LogSlate: Took 0.001225 seconds to synchronously load lazily loaded font '../../../Engine/Content/Slate/Fonts/Roboto-Bold.ttf' (160K)
[2021.08.08-09.45.50:270][  0]LogSlate: Took 0.001482 seconds to synchronously load lazily loaded font '../../../Engine/Content/Editor/Slate/Fonts/FontAwesome.ttf' (139K)
[2021.08.08-09.45.50:393][  0]LogRenderer: Reallocating scene render targets to support 892x368 Format 9 NumSamples 1 (Frame:1).
[2021.08.08-09.45.50:565][  0]LogSlate: Took 0.000845 seconds to synchronously load lazily loaded font '../../../Engine/Content/Slate/Fonts/Roboto-Light.ttf' (167K)
[2021.08.08-09.45.50:720][  0]LogContentBrowser: Native class hierarchy updated for 'HierarchicalLODOutliner' in 0.0006 seconds. Added 0 classes and 0 folders.
[2021.08.08-09.45.50:720][  0]LogLoad: (Engine Initialization) Total time: 23.65 seconds
[2021.08.08-09.45.50:720][  0]LogLoad: (Engine Initialization) Total Blueprint compile time: 0.00 seconds
[2021.08.08-09.45.50:858][  0]LogContentStreaming: Texture pool size now 400 MB
[2021.08.08-09.45.51:100][  2]LogAssetRegistry: Asset discovery search completed in 14.0232 seconds
[2021.08.08-09.45.51:108][  2]LogCollectionManager: Fixed up redirectors for 0 collections in 0.000395 seconds (updated 0 objects)
[2021.08.08-09.45.53:455][131]Candidate modules for hot reload:
[2021.08.08-09.45.53:456][131]  MyProject2
[2021.08.08-09.45.53:456][131]Launching UnrealBuildTool... [C:/Program Files/Epic Games/UE_4.25/Engine/Binaries/DotNET/UnrealBuildTool.exe  -ModuleWithSuffix=MyProject2,1867 MyProject2Editor Win64 Development -Project="C:/Users/ACER/Documents/Unreal Projects/MyProject2/MyProject2.uproject" "C:/Users/ACER/Documents/Unreal Projects/MyProject2/MyProject2.uproject"  -IgnoreJunk]
[2021.08.08-09.45.53:462][131]Warning: Starting HotReload took  0.1s.
[2021.08.08-09.45.59:593][240]CompilerResultsLog: New page: Compilation - 8 авг. 2021 г., 15:45:59
[2021.08.08-09.45.59:594][240]CompilerResultsLog: Building MyProject2Editor...
[2021.08.08-09.45.59:594][240]CompilerResultsLog: Using Visual Studio 2019 14.29.30038 toolchain (C:\Program Files (x86)\Microsoft Visual Studio\2019\Community\VC\Tools\MSVC\14.29.30037) and Windows 10.0.17763.0 SDK (C:\Program Files (x86)\Windows Kits\10).
[2021.08.08-09.45.59:594][240]CompilerResultsLog: Building 3 actions with 8 processes...
[2021.08.08-09.45.59:594][240]CompilerResultsLog:   [1/3] UE4Editor-MyProject2-1867.lib
[2021.08.08-09.45.59:594][240]CompilerResultsLog:      ????????? ??????⥪? C:\Users\ACER\Documents\Unreal Projects\MyProject2\Intermediate\Build\Win64\UE4Editor\Development\MyProject2\UE4Editor-MyProject2-1867.lib ? ??ꥪ? C:\Users\ACER\Documents\Unreal Projects\MyProject2\Intermediate\Build\Win64\UE4Editor\Development\MyProject2\UE4Editor-MyProject2-1867.exp
[2021.08.08-09.45.59:594][240]CompilerResultsLog:   [2/3] UE4Editor-MyProject2-1867.dll
[2021.08.08-09.45.59:594][240]CompilerResultsLog:      ????????? ??????⥪? C:\Users\ACER\Documents\Unreal Projects\MyProject2\Intermediate\Build\Win64\UE4Editor\Development\MyProject2\UE4Editor-MyProject2-1867.suppressed.lib ? ??ꥪ? C:\Users\ACER\Documents\Unreal Projects\MyProject2\Intermediate\Build\Win64\UE4Editor\Development\MyProject2\UE4Editor-MyProject2-1867.suppressed.exp
[2021.08.08-09.45.59:594][240]CompilerResultsLog:   [3/3] MyProject2Editor.target
[2021.08.08-09.45.59:594][240]CompilerResultsLog: Total time in Parallel executor: 3,32 seconds
[2021.08.08-09.45.59:594][240]CompilerResultsLog: Total execution time: 5,91 seconds
[2021.08.08-09.45.59:594][240]LogMainFrame: MainFrame: Module compiling took 6.150 seconds
[2021.08.08-09.45.59:714][240]LogContentBrowser: Native class hierarchy updated for 'MyProject2' in 0.0006 seconds. Added 3 classes and 2 folders.
[2021.08.08-09.45.59:716][240]Display: HotReload successful (0 functions remapped  0 scriptstructs remapped)
[2021.08.08-09.45.59:871][240]LogContentBrowser: Native class hierarchy populated in 0.0186 seconds. Added 3433 classes and 829 folders.
[2021.08.08-09.45.59:872][240]Display: HotReload took  6.5s.
[2021.08.08-09.47.07:338][606]LogWindowsTextInputMethodSystem: Display: IME system now deactivated.
[2021.08.08-09.47.07:339][606]LogWindowsTextInputMethodSystem: Display: IME system now deactivated.
[2021.08.08-09.47.10:887][800]LogSlate: Took 0.000717 seconds to synchronously load lazily loaded font '../../../Engine/Content/Slate/Fonts/Roboto-Light.ttf' (167K)
[2021.08.08-09.47.10:923][800]LogAssetEditorSubsystem: Opening Asset editor for Blueprint /Game/TopDownCPP/Blueprints/TopDownCharacter.TopDownCharacter
[2021.08.08-09.47.11:786][800]LogContentBrowser: Native class hierarchy updated for 'BlueprintGraph' in 0.0012 seconds. Added 125 classes and 0 folders.
[2021.08.08-09.47.15:419][877]LogSlate: Window 'TopDownCharacter' being destroyed
[2021.08.08-09.47.15:455][877]LogWorld: UWorld::CleanupWorld for World_2, bSessionEnded=true, bCleanupResources=true
[2021.08.08-09.47.15:455][877]LogSlate: InvalidateAllWidgets triggered.  All widgets were invalidated
[2021.08.08-09.47.15:665][877]LogAssetEditorSubsystem: Opening Asset editor for Blueprint /Game/TopDownCPP/Blueprints/TopDownCharacter.TopDownCharacter
[2021.08.08-09.47.16:273][877]LogSlate: Took 0.008024 seconds to synchronously load lazily loaded font '../../../Engine/Content/Slate/Fonts/Roboto-BoldCondensed.ttf' (158K)
[2021.08.08-09.47.43:627][885]BlueprintLog: New page: Compile TopDownCharacter
[2021.08.08-09.47.43:729][885]LogUObjectHash: Compacting FUObjectHashTables data took   2.79ms
[2021.08.08-09.47.43:774][885]LogSlate: Took 0.000980 seconds to synchronously load lazily loaded font '../../../Engine/Content/Slate/Fonts/DroidSansMono.ttf' (77K)
[2021.08.08-09.47.46:399][972]LogTemp: Repeating last play command: Selected Viewport
[2021.08.08-09.47.46:427][972]LogPlayLevel: PlayLevel: No blueprints needed recompiling
[2021.08.08-09.47.46:428][972]PIE: New page: PIE session: TopDownExampleMap (8 авг. 2021 г., 15:47:46)
[2021.08.08-09.47.46:444][972]LogOnline: OSS: Creating online subsystem instance for: NULL
[2021.08.08-09.47.46:481][972]LogOnline: OSS: TryLoadSubsystemAndSetDefault: Loaded subsystem for module [NULL]
[2021.08.08-09.47.46:482][972]LogPlayLevel: Creating play world package: /Game/TopDownCPP/Maps/UEDPIE_0_TopDownExampleMap
[2021.08.08-09.47.46:527][972]LogPlayLevel: PIE: StaticDuplicateObject took: (0.044412s)
[2021.08.08-09.47.46:556][972]LogAIModule: Creating AISystem for world TopDownExampleMap
[2021.08.08-09.47.46:559][972]LogAISub: UAISubsystem::UAISubsystem EnvQueryManager (0000020DFA1C9600), frame # 1972
[2021.08.08-09.47.46:561][972]LogAISub: UAISubsystem::UAISubsystem AIPerceptionSystem (0000020E0799A480), frame # 1972
[2021.08.08-09.47.46:566][972]LogPlayLevel: PIE: World Init took: (0.038292s)
[2021.08.08-09.47.46:566][972]LogPlayLevel: PIE: Created PIE world by copying editor world from /Game/TopDownCPP/Maps/TopDownExampleMap.TopDownExampleMap to /Game/TopDownCPP/Maps/UEDPIE_0_TopDownExampleMap.TopDownExampleMap (0.084573s)
[2021.08.08-09.47.46:593][972]LogUObjectHash: Compacting FUObjectHashTables data took   2.20ms
[2021.08.08-09.47.46:598][972]LogAudioMixer: Display: Audio Mixer Platform Settings:
[2021.08.08-09.47.46:598][972]LogAudioMixer: Display: 	Sample Rate:						  48000
[2021.08.08-09.47.46:598][972]LogAudioMixer: Display: 	Callback Buffer Frame Size Requested: 1024
[2021.08.08-09.47.46:598][972]LogAudioMixer: Display: 	Callback Buffer Frame Size To Use:	  1024
[2021.08.08-09.47.46:598][972]LogAudioMixer: Display: 	Number of buffers to queue:			  2
[2021.08.08-09.47.46:598][972]LogAudioMixer: Display: 	Max Channels (voices):				  32
[2021.08.08-09.47.46:598][972]LogAudioMixer: Display: 	Number of Async Source Workers:		  0
[2021.08.08-09.47.46:598][972]LogAudio: Display: AudioDevice MaxSources: 32
[2021.08.08-09.47.46:600][972]LogAudio: Display: Using built-in audio occlusion.
[2021.08.08-09.47.46:600][972]LogAudioMixer: Display: Initializing audio mixer.
[2021.08.08-09.47.46:607][972]LogAudioMixer: Display: 0: FrontLeft
[2021.08.08-09.47.46:607][972]LogAudioMixer: Display: 1: FrontRight
[2021.08.08-09.47.46:657][972]LogAudioMixer: Display: Using Audio Device Динамики (Realtek(R) Audio)
[2021.08.08-09.47.46:658][972]LogAudioMixer: Display: Initializing Sound Submixes...
[2021.08.08-09.47.46:658][972]LogAudioMixer: Display: Creating Master Submix 'MasterSubmixDefault'
[2021.08.08-09.47.46:658][972]LogAudioMixer: Display: Creating Master Submix 'MasterReverbSubmixDefault'
[2021.08.08-09.47.46:659][972]LogAudioMixer: Display: Creating Master Submix 'MasterEQSubmixDefault'
[2021.08.08-09.47.46:688][972]LogInit: FAudioDevice initialized.
[2021.08.08-09.47.46:731][972]LogLoad: Game class is 'MyProject2GameMode'
[2021.08.08-09.47.46:741][972]LogWorld: Bringing World /Game/TopDownCPP/Maps/UEDPIE_0_TopDownExampleMap.TopDownExampleMap up for play (max tick rate 60) at 2021.08.08-12.47.46
[2021.08.08-09.47.46:743][972]LogWorld: Bringing up level for play took: 0.004582
[2021.08.08-09.47.46:749][972]LogOnline: OSS: Creating online subsystem instance for: :Context_5
[2021.08.08-09.47.46:793][972]LogContentBrowser: Native class hierarchy updated for 'MovieSceneCapture' in 0.0037 seconds. Added 20 classes and 0 folders.
[2021.08.08-09.47.46:804][972]LogBlueprintUserMessages: [NewBlueprint_2] false
[2021.08.08-09.47.52:739][972]LogBlueprintUserMessages: [TopDownCharacter_C_0] 5.932201
[2021.08.08-09.47.52:740][972]PIE: Server logged in
[2021.08.08-09.47.52:861][972]PIE: Play in editor total start time 6,445 seconds.
[2021.08.08-09.47.53:410][973]LogBlueprintUserMessages: [NewBlueprint_2] false
[2021.08.08-09.47.53:428][974]LogBlueprintUserMessages: [NewBlueprint_2] false
[2021.08.08-09.47.53:628][986]LogBlueprintUserMessages: [NewBlueprint_2] false
[2021.08.08-09.47.53:827][998]LogBlueprintUserMessages: [NewBlueprint_2] false
[2021.08.08-09.47.54:027][ 10]LogBlueprintUserMessages: [NewBlueprint_2] false
[2021.08.08-09.47.54:228][ 22]LogBlueprintUserMessages: [NewBlueprint_2] false
[2021.08.08-09.47.54:428][ 34]LogBlueprintUserMessages: [NewBlueprint_2] false
[2021.08.08-09.47.54:632][ 46]LogBlueprintUserMessages: [NewBlueprint_2] false
[2021.08.08-09.47.54:832][ 58]LogBlueprintUserMessages: [NewBlueprint_2] false
[2021.08.08-09.47.55:032][ 70]LogBlueprintUserMessages: [NewBlueprint_2] false
[2021.08.08-09.47.55:232][ 82]LogBlueprintUserMessages: [NewBlueprint_2] false
[2021.08.08-09.47.55:434][ 94]LogBlueprintUserMessages: [NewBlueprint_2] false
[2021.08.08-09.47.55:645][105]LogBlueprintUserMessages: [NewBlueprint_2] false
[2021.08.08-09.47.55:856][117]LogBlueprintUserMessages: [NewBlueprint_2] false
[2021.08.08-09.47.56:928][169]LogSlate: Updating window title bar state: overlay mode, drag disabled, window buttons hidden, title bar hidden
[2021.08.08-09.47.56:929][169]LogWorld: BeginTearingDown for /Game/TopDownCPP/Maps/UEDPIE_0_TopDownExampleMap
[2021.08.08-09.47.56:932][169]LogWorld: UWorld::CleanupWorld for TopDownExampleMap, bSessionEnded=true, bCleanupResources=true
[2021.08.08-09.47.56:933][169]LogSlate: InvalidateAllWidgets triggered.  All widgets were invalidated
[2021.08.08-09.47.56:953][169]LogPlayLevel: Display: Shutting down PIE online subsystems
[2021.08.08-09.47.56:959][169]LogSlate: InvalidateAllWidgets triggered.  All widgets were invalidated
[2021.08.08-09.47.57:054][169]LogSlate: Updating window title bar state: overlay mode, drag disabled, window buttons hidden, title bar hidden
[2021.08.08-09.47.57:071][169]LogAISub: UAISubsystem::~UAISubsystem AIPerceptionSystem (0000020E0799A480), frame # 2169
[2021.08.08-09.47.57:072][169]LogAISub: UAISubsystem::~UAISubsystem EnvQueryManager (0000020DFA1C9600), frame # 2169
[2021.08.08-09.47.57:105][169]LogUObjectHash: Compacting FUObjectHashTables data took   5.41ms
[2021.08.08-09.47.57:147][170]LogPlayLevel: Display: Destroying online subsystem :Context_5
[2021.08.08-09.48.06:607][457]BlueprintLog: New page: Compile TopDownCharacter
[2021.08.08-09.48.06:672][457]LogUObjectHash: Compacting FUObjectHashTables data took   4.73ms
[2021.08.08-09.48.10:704][594]LogTemp: Repeating last play command: Selected Viewport
[2021.08.08-09.48.10:721][594]LogPlayLevel: PlayLevel: No blueprints needed recompiling
[2021.08.08-09.48.10:722][594]PIE: New page: PIE session: TopDownExampleMap (8 авг. 2021 г., 15:48:10)
[2021.08.08-09.48.10:722][594]LogPlayLevel: Creating play world package: /Game/TopDownCPP/Maps/UEDPIE_0_TopDownExampleMap
[2021.08.08-09.48.10:741][594]LogPlayLevel: PIE: StaticDuplicateObject took: (0.018532s)
[2021.08.08-09.48.10:742][594]LogAIModule: Creating AISystem for world TopDownExampleMap
[2021.08.08-09.48.10:742][594]LogAISub: UAISubsystem::UAISubsystem EnvQueryManager (0000020E11AB5200), frame # 2594
[2021.08.08-09.48.10:742][594]LogAISub: UAISubsystem::UAISubsystem AIPerceptionSystem (0000020DB7156D40), frame # 2594
[2021.08.08-09.48.10:743][594]LogPlayLevel: PIE: World Init took: (0.002115s)
[2021.08.08-09.48.10:743][594]LogPlayLevel: PIE: Created PIE world by copying editor world from /Game/TopDownCPP/Maps/TopDownExampleMap.TopDownExampleMap to /Game/TopDownCPP/Maps/UEDPIE_0_TopDownExampleMap.TopDownExampleMap (0.021178s)
[2021.08.08-09.48.10:775][594]LogUObjectHash: Compacting FUObjectHashTables data took   3.42ms
[2021.08.08-09.48.10:777][594]LogAudioMixer: Display: Audio Mixer Platform Settings:
[2021.08.08-09.48.10:777][594]LogAudioMixer: Display: 	Sample Rate:						  48000
[2021.08.08-09.48.10:778][594]LogAudioMixer: Display: 	Callback Buffer Frame Size Requested: 1024
[2021.08.08-09.48.10:778][594]LogAudioMixer: Display: 	Callback Buffer Frame Size To Use:	  1024
[2021.08.08-09.48.10:778][594]LogAudioMixer: Display: 	Number of buffers to queue:			  2
[2021.08.08-09.48.10:778][594]LogAudioMixer: Display: 	Max Channels (voices):				  32
[2021.08.08-09.48.10:778][594]LogAudioMixer: Display: 	Number of Async Source Workers:		  0
[2021.08.08-09.48.10:778][594]LogAudio: Display: AudioDevice MaxSources: 32
[2021.08.08-09.48.10:779][594]LogAudio: Display: Using built-in audio occlusion.
[2021.08.08-09.48.10:779][594]LogAudioMixer: Display: Initializing audio mixer.
[2021.08.08-09.48.10:783][594]LogAudioMixer: Display: 0: FrontLeft
[2021.08.08-09.48.10:783][594]LogAudioMixer: Display: 1: FrontRight
[2021.08.08-09.48.10:831][594]LogAudioMixer: Display: Using Audio Device Динамики (Realtek(R) Audio)
[2021.08.08-09.48.10:831][594]LogAudioMixer: Display: Initializing Sound Submixes...
[2021.08.08-09.48.10:831][594]LogAudioMixer: Display: Creating Master Submix 'MasterSubmixDefault'
[2021.08.08-09.48.10:831][594]LogAudioMixer: Display: Creating Master Submix 'MasterReverbSubmixDefault'
[2021.08.08-09.48.10:833][594]LogAudioMixer: Display: Creating Master Submix 'MasterEQSubmixDefault'
[2021.08.08-09.48.10:857][594]LogInit: FAudioDevice initialized.
[2021.08.08-09.48.10:875][594]LogLoad: Game class is 'MyProject2GameMode'
[2021.08.08-09.48.10:877][594]LogWorld: Bringing World /Game/TopDownCPP/Maps/UEDPIE_0_TopDownExampleMap.TopDownExampleMap up for play (max tick rate 60) at 2021.08.08-12.48.10
[2021.08.08-09.48.10:878][594]LogWorld: Bringing up level for play took: 0.002300
[2021.08.08-09.48.10:879][594]LogOnline: OSS: Creating online subsystem instance for: :Context_6
[2021.08.08-09.48.10:884][594]LogBlueprintUserMessages: [NewBlueprint_2] false
[2021.08.08-09.48.14:089][594]LogBlueprintUserMessages: [TopDownCharacter_C_0] 5.932201
[2021.08.08-09.48.14:090][594]PIE: Server logged in
[2021.08.08-09.48.14:093][594]PIE: Play in editor total start time 3,372 seconds.
[2021.08.08-09.48.14:124][595]LogBlueprintUserMessages: [NewBlueprint_2] false
[2021.08.08-09.48.14:322][606]LogBlueprintUserMessages: [NewBlueprint_2] false
[2021.08.08-09.48.14:522][618]LogBlueprintUserMessages: [NewBlueprint_2] false
[2021.08.08-09.48.14:721][630]LogBlueprintUserMessages: [NewBlueprint_2] false
[2021.08.08-09.48.14:922][642]LogBlueprintUserMessages: [NewBlueprint_2] false
[2021.08.08-09.48.15:123][654]LogBlueprintUserMessages: [NewBlueprint_2] false
[2021.08.08-09.48.15:338][664]LogBlueprintUserMessages: [NewBlueprint_2] false
[2021.08.08-09.48.15:543][673]LogBlueprintUserMessages: [NewBlueprint_2] false
[2021.08.08-09.48.16:665][731]LogSlate: Updating window title bar state: overlay mode, drag disabled, window buttons hidden, title bar hidden
[2021.08.08-09.48.16:666][731]LogWorld: BeginTearingDown for /Game/TopDownCPP/Maps/UEDPIE_0_TopDownExampleMap
[2021.08.08-09.48.16:666][731]LogWorld: UWorld::CleanupWorld for TopDownExampleMap, bSessionEnded=true, bCleanupResources=true
[2021.08.08-09.48.16:667][731]LogSlate: InvalidateAllWidgets triggered.  All widgets were invalidated
[2021.08.08-09.48.16:680][731]LogPlayLevel: Display: Shutting down PIE online subsystems
[2021.08.08-09.48.16:685][731]LogSlate: InvalidateAllWidgets triggered.  All widgets were invalidated
[2021.08.08-09.48.16:716][731]LogSlate: Updating window title bar state: overlay mode, drag disabled, window buttons hidden, title bar hidden
[2021.08.08-09.48.16:782][731]LogAISub: UAISubsystem::~UAISubsystem AIPerceptionSystem (0000020DB7156D40), frame # 2731
[2021.08.08-09.48.16:782][731]LogAISub: UAISubsystem::~UAISubsystem EnvQueryManager (0000020E11AB5200), frame # 2731
[2021.08.08-09.48.16:787][731]LogUObjectHash: Compacting FUObjectHashTables data took   3.31ms
[2021.08.08-09.48.16:818][732]LogPlayLevel: Display: Destroying online subsystem :Context_6
[2021.08.08-09.48.21:415][858]LogTemp: Repeating last play command: Selected Viewport
[2021.08.08-09.48.21:431][858]BlueprintLog: New page: Pre-Play auto-recompile
[2021.08.08-09.48.21:432][858]LogPlayLevel: [PlayLevel] Compiling TopDownCharacter before play...
[2021.08.08-09.48.21:507][858]LogUObjectHash: Compacting FUObjectHashTables data took   4.77ms
[2021.08.08-09.48.21:508][858]LogPlayLevel: PlayLevel: Blueprint regeneration took 77 ms (1 blueprints)
[2021.08.08-09.48.21:508][858]PIE: New page: PIE session: TopDownExampleMap (8 авг. 2021 г., 15:48:21)
[2021.08.08-09.48.21:509][858]LogPlayLevel: Creating play world package: /Game/TopDownCPP/Maps/UEDPIE_0_TopDownExampleMap
[2021.08.08-09.48.21:529][858]LogPlayLevel: PIE: StaticDuplicateObject took: (0.019152s)
[2021.08.08-09.48.21:530][858]LogAIModule: Creating AISystem for world TopDownExampleMap
[2021.08.08-09.48.21:531][858]LogAISub: UAISubsystem::UAISubsystem EnvQueryManager (0000020E0E7DA400), frame # 2858
[2021.08.08-09.48.21:531][858]LogAISub: UAISubsystem::UAISubsystem AIPerceptionSystem (0000020E0EA25BC0), frame # 2858
[2021.08.08-09.48.21:531][858]LogPlayLevel: PIE: World Init took: (0.002599s)
[2021.08.08-09.48.21:532][858]LogPlayLevel: PIE: Created PIE world by copying editor world from /Game/TopDownCPP/Maps/TopDownExampleMap.TopDownExampleMap to /Game/TopDownCPP/Maps/UEDPIE_0_TopDownExampleMap.TopDownExampleMap (0.022473s)
[2021.08.08-09.48.21:568][858]LogUObjectHash: Compacting FUObjectHashTables data took   4.16ms
[2021.08.08-09.48.21:570][858]LogAudioMixer: Display: Audio Mixer Platform Settings:
[2021.08.08-09.48.21:570][858]LogAudioMixer: Display: 	Sample Rate:						  48000
[2021.08.08-09.48.21:570][858]LogAudioMixer: Display: 	Callback Buffer Frame Size Requested: 1024
[2021.08.08-09.48.21:570][858]LogAudioMixer: Display: 	Callback Buffer Frame Size To Use:	  1024
[2021.08.08-09.48.21:571][858]LogAudioMixer: Display: 	Number of buffers to queue:			  2
[2021.08.08-09.48.21:571][858]LogAudioMixer: Display: 	Max Channels (voices):				  32
[2021.08.08-09.48.21:571][858]LogAudioMixer: Display: 	Number of Async Source Workers:		  0
[2021.08.08-09.48.21:571][858]LogAudio: Display: AudioDevice MaxSources: 32
[2021.08.08-09.48.21:572][858]LogAudio: Display: Using built-in audio occlusion.
[2021.08.08-09.48.21:572][858]LogAudioMixer: Display: Initializing audio mixer.
[2021.08.08-09.48.21:576][858]LogAudioMixer: Display: 0: FrontLeft
[2021.08.08-09.48.21:576][858]LogAudioMixer: Display: 1: FrontRight
[2021.08.08-09.48.21:625][858]LogAudioMixer: Display: Using Audio Device Динамики (Realtek(R) Audio)
[2021.08.08-09.48.21:625][858]LogAudioMixer: Display: Initializing Sound Submixes...
[2021.08.08-09.48.21:625][858]LogAudioMixer: Display: Creating Master Submix 'MasterSubmixDefault'
[2021.08.08-09.48.21:625][858]LogAudioMixer: Display: Creating Master Submix 'MasterReverbSubmixDefault'
[2021.08.08-09.48.21:626][858]LogAudioMixer: Display: Creating Master Submix 'MasterEQSubmixDefault'
[2021.08.08-09.48.21:653][858]LogInit: FAudioDevice initialized.
[2021.08.08-09.48.21:668][858]LogLoad: Game class is 'MyProject2GameMode'
[2021.08.08-09.48.21:670][858]LogWorld: Bringing World /Game/TopDownCPP/Maps/UEDPIE_0_TopDownExampleMap.TopDownExampleMap up for play (max tick rate 60) at 2021.08.08-12.48.21
[2021.08.08-09.48.21:671][858]LogWorld: Bringing up level for play took: 0.002240
[2021.08.08-09.48.21:671][858]LogOnline: OSS: Creating online subsystem instance for: :Context_7
[2021.08.08-09.48.21:677][858]LogBlueprintUserMessages: [NewBlueprint_2] false
[2021.08.08-09.48.21:677][858]PIE: Server logged in
[2021.08.08-09.48.21:679][858]PIE: Play in editor total start time 0,249 seconds.
[2021.08.08-09.48.21:697][859]LogBlueprintUserMessages: [NewBlueprint_2] false
[2021.08.08-09.48.21:900][868]LogBlueprintUserMessages: [NewBlueprint_2] false
[2021.08.08-09.48.22:110][879]LogBlueprintUserMessages: [NewBlueprint_2] false
[2021.08.08-09.48.22:323][888]LogBlueprintUserMessages: [NewBlueprint_2] false
[2021.08.08-09.48.22:534][897]LogBlueprintUserMessages: [NewBlueprint_2] false
[2021.08.08-09.48.23:514][941]LogSlate: Updating window title bar state: overlay mode, drag disabled, window buttons hidden, title bar hidden
[2021.08.08-09.48.23:514][941]LogWorld: BeginTearingDown for /Game/TopDownCPP/Maps/UEDPIE_0_TopDownExampleMap
[2021.08.08-09.48.23:514][941]LogWorld: UWorld::CleanupWorld for TopDownExampleMap, bSessionEnded=true, bCleanupResources=true
[2021.08.08-09.48.23:515][941]LogSlate: InvalidateAllWidgets triggered.  All widgets were invalidated
[2021.08.08-09.48.23:532][941]LogPlayLevel: Display: Shutting down PIE online subsystems
[2021.08.08-09.48.23:538][941]LogSlate: InvalidateAllWidgets triggered.  All widgets were invalidated
[2021.08.08-09.48.23:575][941]LogSlate: Updating window title bar state: overlay mode, drag disabled, window buttons hidden, title bar hidden
[2021.08.08-09.48.23:647][941]LogAISub: UAISubsystem::~UAISubsystem AIPerceptionSystem (0000020E0EA25BC0), frame # 2941
[2021.08.08-09.48.23:647][941]LogAISub: UAISubsystem::~UAISubsystem EnvQueryManager (0000020E0E7DA400), frame # 2941
[2021.08.08-09.48.23:651][941]LogUObjectHash: Compacting FUObjectHashTables data took   4.10ms
[2021.08.08-09.48.23:682][942]LogPlayLevel: Display: Destroying online subsystem :Context_7
[2021.08.08-09.48.44:155][ 22]LogUObjectHash: Compacting FUObjectHashTables data took   3.26ms
[2021.08.08-09.48.46:392][ 22]LogSlate: Window 'Save Content' being destroyed
[2021.08.08-09.48.46:411][ 22]LogSlate: Window 'TopDownCharacter' being destroyed
[2021.08.08-09.48.46:421][ 22]LogWorld: UWorld::CleanupWorld for World_3, bSessionEnded=true, bCleanupResources=true
[2021.08.08-09.48.46:421][ 22]LogSlate: InvalidateAllWidgets triggered.  All widgets were invalidated
[2021.08.08-09.48.46:545][ 22]LogSlate: Window 'MyProject2 - Unreal Editor' being destroyed
[2021.08.08-09.48.46:756][ 23]Cmd: QUIT_EDITOR
[2021.08.08-09.48.46:756][ 23]LogCore: Engine exit requested (reason: UUnrealEdEngine::CloseEditor())
[2021.08.08-09.48.46:774][ 23]LogCore: Engine exit requested (reason: EngineExit() was called; note: exit was already requested)
[2021.08.08-09.48.47:460][ 23]LogWindowsTextInputMethodSystem: Display: IME system now deactivated.
[2021.08.08-09.48.47:482][ 23]LogExit: Preparing to exit.
[2021.08.08-09.48.48:025][ 23]LogActorComponent: UnregisterComponent: (None.None) Not registered. Aborting.
[2021.08.08-09.48.48:025][ 23]LogActorComponent: UnregisterComponent: (None.None) Not registered. Aborting.
[2021.08.08-09.48.48:025][ 23]LogActorComponent: UnregisterComponent: (None.None) Not registered. Aborting.
[2021.08.08-09.48.48:025][ 23]LogActorComponent: UnregisterComponent: (None.None) Not registered. Aborting.
[2021.08.08-09.48.48:025][ 23]LogActorComponent: UnregisterComponent: (None.None) Not registered. Aborting.
[2021.08.08-09.48.48:025][ 23]LogActorComponent: UnregisterComponent: (None.None) Not registered. Aborting.
[2021.08.08-09.48.48:025][ 23]LogActorComponent: UnregisterComponent: (None.None) Not registered. Aborting.
[2021.08.08-09.48.48:026][ 23]LogWorld: UWorld::CleanupWorld for None, bSessionEnded=true, bCleanupResources=true
[2021.08.08-09.48.48:029][ 23]LogActorComponent: UnregisterComponent: (None.None) Not registered. Aborting.
[2021.08.08-09.48.48:029][ 23]LogActorComponent: UnregisterComponent: (None.None) Not registered. Aborting.
[2021.08.08-09.48.48:030][ 23]LogActorComponent: UnregisterComponent: (None.None) Not registered. Aborting.
[2021.08.08-09.48.48:030][ 23]LogActorComponent: UnregisterComponent: (None.None) Not registered. Aborting.
[2021.08.08-09.48.48:030][ 23]LogActorComponent: UnregisterComponent: (None.None) Not registered. Aborting.
[2021.08.08-09.48.48:030][ 23]LogActorComponent: UnregisterComponent: (None.None) Not registered. Aborting.
[2021.08.08-09.48.48:030][ 23]LogActorComponent: UnregisterComponent: (None.None) Not registered. Aborting.
[2021.08.08-09.48.48:030][ 23]LogWorld: UWorld::CleanupWorld for None, bSessionEnded=true, bCleanupResources=true
[2021.08.08-09.48.48:126][ 23]LogDemo: Cleaned up 0 splitscreen connections with owner deletion
[2021.08.08-09.48.48:184][ 23]LogWorld: UWorld::CleanupWorld for None, bSessionEnded=true, bCleanupResources=true
[2021.08.08-09.48.48:185][ 23]LogExit: Editor shut down
[2021.08.08-09.48.48:187][ 23]LogExit: Transaction tracking system shut down
[2021.08.08-09.48.48:506][ 23]LogAISub: UAISubsystem::~UAISubsystem AISubsystem (0000020DF37D5800), frame # 3023
[2021.08.08-09.48.48:507][ 23]LogAISub: UAISubsystem::~UAISubsystem AIPerceptionSystem (0000020DF4676AC0), frame # 3023
[2021.08.08-09.48.48:508][ 23]LogAISub: UAISubsystem::~UAISubsystem EnvQueryManager (0000020DF46C5C00), frame # 3023
[2021.08.08-09.48.48:600][ 23]LogAISub: UAISubsystem::~UAISubsystem EnvQueryManager (0000020D8E16A200), frame # 3023
[2021.08.08-09.48.48:600][ 23]LogAISub: UAISubsystem::~UAISubsystem AIPerceptionSystem (0000020DF52DBD80), frame # 3023
[2021.08.08-09.48.48:736][ 23]LogExit: Object subsystem successfully closed.
[2021.08.08-09.48.48:820][ 23]LogShaderCompilers: Display: Shaders left to compile 0
[2021.08.08-09.48.48:959][ 23]LogModuleManager: Shutting down and abandoning module MovieSceneCapture (803)
[2021.08.08-09.48.48:959][ 23]LogModuleManager: Shutting down and abandoning module Voice (801)
[2021.08.08-09.48.48:959][ 23]LogModuleManager: Shutting down and abandoning module BlueprintGraph (799)
[2021.08.08-09.48.48:960][ 23]LogModuleManager: Shutting down and abandoning module MyProject2 (797)
[2021.08.08-09.48.48:960][ 23]LogModuleManager: Shutting down and abandoning module HierarchicalLODOutliner (796)
[2021.08.08-09.48.48:961][ 23]LogModuleManager: Shutting down and abandoning module SceneOutliner (792)
[2021.08.08-09.48.48:961][ 23]LogModuleManager: Shutting down and abandoning module AddContentDialog (790)
[2021.08.08-09.48.48:963][ 23]LogModuleManager: Shutting down and abandoning module WidgetCarousel (789)
[2021.08.08-09.48.48:963][ 23]LogModuleManager: Shutting down and abandoning module EditorWidgets (786)
[2021.08.08-09.48.48:964][ 23]LogModuleManager: Shutting down and abandoning module CollectionManager (784)
[2021.08.08-09.48.48:965][ 23]LogModuleManager: Shutting down and abandoning module StatsViewer (782)
[2021.08.08-09.48.48:966][ 23]LogModuleManager: Shutting down and abandoning module VirtualTexturingEditor (780)
[2021.08.08-09.48.48:966][ 23]LogModuleManager: Shutting down and abandoning module FoliageEdit (778)
[2021.08.08-09.48.48:967][ 23]LogModuleManager: Shutting down and abandoning module LandscapeEditor (776)
[2021.08.08-09.48.48:971][ 23]LogModuleManager: Shutting down and abandoning module MeshPaintMode (774)
[2021.08.08-09.48.48:971][ 23]LogModuleManager: Shutting down and abandoning module SceneDepthPickerMode (772)
[2021.08.08-09.48.48:971][ 23]LogModuleManager: Shutting down and abandoning module ActorPickerMode (770)
[2021.08.08-09.48.48:971][ 23]LogModuleManager: Shutting down and abandoning module PIEPreviewDeviceProfileSelector (768)
[2021.08.08-09.48.48:972][ 23]LogModuleManager: Shutting down and abandoning module SequenceRecorderSections (766)
[2021.08.08-09.48.48:972][ 23]LogModuleManager: Shutting down and abandoning module AutomationWorker (764)
[2021.08.08-09.48.48:973][ 23]LogModuleManager: Shutting down and abandoning module SteamVREditor (762)
[2021.08.08-09.48.48:974][ 23]LogModuleManager: Shutting down and abandoning module OculusMR (760)
[2021.08.08-09.48.48:974][ 23]LogModuleManager: Shutting down and abandoning module GooglePADEditor (758)
[2021.08.08-09.48.48:974][ 23]LogModuleManager: Shutting down and abandoning module AudioCaptureEditor (756)
[2021.08.08-09.48.48:975][ 23]LogModuleManager: Shutting down and abandoning module TemplateSequenceEditor (754)
[2021.08.08-09.48.48:978][ 23]LogModuleManager: Shutting down and abandoning module MatineeToLevelSequence (752)
[2021.08.08-09.48.48:979][ 23]LogModuleManager: Shutting down and abandoning module LevelSequenceEditor (750)
[2021.08.08-09.48.48:983][ 23]LogModuleManager: Shutting down and abandoning module ActorSequenceEditor (748)
[2021.08.08-09.48.48:984][ 23]LogModuleManager: Shutting down and abandoning module WmfMediaFactory (746)
[2021.08.08-09.48.48:984][ 23]LogModuleManager: Shutting down and abandoning module WmfMediaEditor (744)
[2021.08.08-09.48.48:984][ 23]LogModuleManager: Shutting down and abandoning module WebMMediaFactory (742)
[2021.08.08-09.48.48:984][ 23]LogModuleManager: Shutting down and abandoning module WebMMediaEditor (740)
[2021.08.08-09.48.48:984][ 23]LogModuleManager: Shutting down and abandoning module WebMMedia (738)
[2021.08.08-09.48.48:985][ 23]LogModuleManager: Shutting down and abandoning module MediaPlayerEditor (736)
[2021.08.08-09.48.48:986][ 23]LogModuleManager: Shutting down and abandoning module MediaCompositingEditor (734)
[2021.08.08-09.48.48:987][ 23]LogModuleManager: Shutting down and abandoning module SequenceRecorder (733)
[2021.08.08-09.48.48:988][ 23]LogModuleManager: Shutting down and abandoning module OpenExrWrapper (730)
[2021.08.08-09.48.48:988][ 23]LogModuleManager: Shutting down and abandoning module ImgMediaFactory (728)
[2021.08.08-09.48.48:988][ 23]LogModuleManager: Shutting down and abandoning module ImgMediaEditor (726)
[2021.08.08-09.48.48:988][ 23]LogModuleManager: Shutting down and abandoning module AvfMediaFactory (724)
[2021.08.08-09.48.48:988][ 23]LogModuleManager: Shutting down and abandoning module AvfMediaEditor (722)
[2021.08.08-09.48.48:988][ 23]LogModuleManager: Shutting down and abandoning module AndroidMediaFactory (720)
[2021.08.08-09.48.48:988][ 23]LogModuleManager: Shutting down and abandoning module AndroidMediaEditor (718)
[2021.08.08-09.48.48:988][ 23]LogModuleManager: Shutting down and abandoning module MagicLeapMediaCodecFactory (716)
[2021.08.08-09.48.48:989][ 23]LogModuleManager: Shutting down and abandoning module MagicLeapMediaFactory (714)
[2021.08.08-09.48.48:989][ 23]LogModuleManager: Shutting down and abandoning module MagicLeapMediaEditor (712)
[2021.08.08-09.48.48:989][ 23]LogModuleManager: Shutting down and abandoning module PlanarCut (710)
[2021.08.08-09.48.48:989][ 23]LogModuleManager: Shutting down and abandoning module CharacterAI (708)
[2021.08.08-09.48.48:989][ 23]LogModuleManager: Shutting down and abandoning module TextureAlignMode (706)
[2021.08.08-09.48.48:990][ 23]LogModuleManager: Shutting down and abandoning module BspMode (704)
[2021.08.08-09.48.48:991][ 23]LogModuleManager: Shutting down and abandoning module PlacementMode (703)
[2021.08.08-09.48.48:991][ 23]LogModuleManager: Shutting down and abandoning module GeometryMode (700)
[2021.08.08-09.48.48:991][ 23]LogModuleManager: Shutting down and abandoning module CameraShakePreviewer (698)
[2021.08.08-09.48.48:992][ 23]LogModuleManager: Shutting down and abandoning module SmartSnapping (696)
[2021.08.08-09.48.48:992][ 23]LogModuleManager: Shutting down and abandoning module SessionServices (694)
[2021.08.08-09.48.48:992][ 23]LogModuleManager: Shutting down and abandoning module MeshPaint (692)
[2021.08.08-09.48.48:993][ 23]LogModuleManager: Shutting down and abandoning module ViewportSnapping (690)
[2021.08.08-09.48.48:994][ 23]LogModuleManager: Shutting down and abandoning module ViewportInteraction (688)
[2021.08.08-09.48.48:994][ 23]LogModuleManager: Shutting down and abandoning module ClothPainter (686)
[2021.08.08-09.48.48:997][ 23]LogModuleManager: Shutting down and abandoning module SkeletalMeshEditor (685)
[2021.08.08-09.48.48:998][ 23]LogModuleManager: Shutting down and abandoning module LogVisualizer (682)
[2021.08.08-09.48.49:000][ 23]LogModuleManager: Shutting down and abandoning module IntroTutorials (680)
[2021.08.08-09.48.49:000][ 23]LogModuleManager: Shutting down and abandoning module GameProjectGeneration (679)
[2021.08.08-09.48.49:001][ 23]LogModuleManager: Shutting down and abandoning module LuminPlatformEditor (676)
[2021.08.08-09.48.49:001][ 23]LogModuleManager: Shutting down and abandoning module IOSPlatformEditor (674)
[2021.08.08-09.48.49:002][ 23]LogModuleManager: Shutting down and abandoning module AndroidPlatformEditor (672)
[2021.08.08-09.48.49:002][ 23]LogModuleManager: Shutting down and abandoning module AndroidDeviceDetection (671)
